[INFO 2023-06-11 14:23:31,465]-> Trial 98 pruned. 
[INFO 2023-06-11 14:23:32,496]-> Best trial:
[INFO 2023-06-11 14:23:32,510]-> 	Value: 0.629
[INFO 2023-06-11 14:23:32,510]-> 	Params:
[INFO 2023-06-11 14:23:32,510]-> 		adjacent_centers |-> 1
[INFO 2023-06-11 14:23:32,510]-> 		clusters |-> 834
[INFO 2023-06-11 14:23:32,510]-> 		drop_rate |-> 0.2874020226096536
[INFO 2023-06-11 14:23:32,511]-> 		k |-> 13
[INFO 2023-06-11 14:23:32,511]-> 		k_cluster |-> 15
[INFO 2023-06-11 14:23:32,511]-> 		k_nearest |-> 64
[INFO 2023-06-11 14:23:32,511]-> 		k_structured |-> 28
[INFO 2023-06-11 14:23:32,512]-> 		lr |-> 0.0008409498925928739
[INFO 2023-06-11 14:23:32,512]-> 		n_layers |-> 1
[INFO 2023-06-11 14:23:32,512]-> 		weight_decay |-> 0.002213058130576115
[INFO 2023-06-11 14:23:32,512]-> 		wu_kmeans |-> 1
[INFO 2023-06-11 14:23:32,513]-> 		wu_struct |-> 12
[INFO 2023-06-11 14:23:32,529]-> Final test results:
[INFO 2023-06-11 14:23:32,529]-> 	accuracy |-> 0.556
[INFO 2023-06-11 14:23:32,529]-> 	f1_score |-> 0.503
