[INFO 2023-05-04 18:12:21,124]-> Logs will be saved to /home/adriendutfoy/Desktop/Dev/MultiGraph/examples/logs/2023-05-04--18-12-21/log.txt
[INFO 2023-05-04 18:12:21,125]-> Files in training will be saved in /home/adriendutfoy/Desktop/Dev/MultiGraph/examples/logs/2023-05-04--18-12-21
[INFO 2023-05-04 18:12:21,125]-> Random seed is 0
[INFO 2023-05-04 18:12:21,126]-> A new study created in memory with name: no-name-6bedc5a0-4a87-45dc-b165-813ae734d6e7
[INFO 2023-05-04 18:12:33,460]-> Trial 0 finished with value: 0.6507176756858826 and parameters: {'k_EMO': 56, 'hidden_dim': 15, 'lr': 0.0016051911333587634, 'weight_decay': 0.001229607110732572}. Best is trial 0 with value: 0.6507176756858826.
[INFO 2023-05-04 18:12:43,928]-> Trial 1 finished with value: 0.6507176756858826 and parameters: {'k_EMO': 43, 'hidden_dim': 14, 'lr': 0.0007501954443620128, 'weight_decay': 0.006074996073425695}. Best is trial 0 with value: 0.6507176756858826.
[INFO 2023-05-04 18:12:54,701]-> Trial 2 finished with value: 0.6411483287811279 and parameters: {'k_EMO': 97, 'hidden_dim': 9, 'lr': 0.0038322168504927897, 'weight_decay': 0.0011423254155608373}. Best is trial 0 with value: 0.6507176756858826.
[INFO 2023-05-04 18:13:05,057]-> Trial 3 finished with value: 0.6267942786216736 and parameters: {'k_EMO': 58, 'hidden_dim': 19, 'lr': 0.00013869861245357332, 'weight_decay': 0.0001493683554419846}. Best is trial 0 with value: 0.6507176756858826.
[INFO 2023-05-04 18:13:14,920]-> Trial 4 finished with value: 0.6507176756858826 and parameters: {'k_EMO': 4, 'hidden_dim': 17, 'lr': 0.003600091192911611, 'weight_decay': 0.005495716186411619}. Best is trial 0 with value: 0.6507176756858826.
[INFO 2023-05-04 18:13:16,872]-> Trial 5 pruned. 
[INFO 2023-05-04 18:13:26,982]-> Trial 6 finished with value: 0.6363636255264282 and parameters: {'k_EMO': 13, 'hidden_dim': 14, 'lr': 0.00019351140885595286, 'weight_decay': 0.007750644796341917}. Best is trial 0 with value: 0.6507176756858826.
[INFO 2023-05-04 18:13:28,839]-> Trial 7 pruned. 
[INFO 2023-05-04 18:13:31,141]-> Trial 8 pruned. 
[INFO 2023-05-04 18:13:41,646]-> Trial 9 finished with value: 0.6555023789405823 and parameters: {'k_EMO': 62, 'hidden_dim': 13, 'lr': 0.007717846862118065, 'weight_decay': 0.0023101522250182378}. Best is trial 9 with value: 0.6555023789405823.
[INFO 2023-05-04 18:13:52,227]-> Trial 10 finished with value: 0.6411483287811279 and parameters: {'k_EMO': 77, 'hidden_dim': 4, 'lr': 0.008045564515992584, 'weight_decay': 0.0004335184350704858}. Best is trial 9 with value: 0.6555023789405823.
[INFO 2023-05-04 18:14:02,886]-> Trial 11 finished with value: 0.6411483287811279 and parameters: {'k_EMO': 71, 'hidden_dim': 5, 'lr': 0.002510654334291188, 'weight_decay': 0.0017953988229649771}. Best is trial 9 with value: 0.6555023789405823.
[INFO 2023-05-04 18:14:13,252]-> Trial 12 finished with value: 0.6507176756858826 and parameters: {'k_EMO': 29, 'hidden_dim': 13, 'lr': 0.0016390771181748586, 'weight_decay': 0.0006722524654616815}. Best is trial 9 with value: 0.6555023789405823.
[INFO 2023-05-04 18:14:23,976]-> Trial 13 finished with value: 0.6459330320358276 and parameters: {'k_EMO': 71, 'hidden_dim': 9, 'lr': 0.00726504696563392, 'weight_decay': 0.0021147356221679495}. Best is trial 9 with value: 0.6555023789405823.
[INFO 2023-05-04 18:14:25,047]-> Trial 14 pruned. 
[INFO 2023-05-04 18:14:35,991]-> Trial 15 finished with value: 0.6411483287811279 and parameters: {'k_EMO': 82, 'hidden_dim': 20, 'lr': 0.00929528404888736, 'weight_decay': 0.0003697396630198006}. Best is trial 9 with value: 0.6555023789405823.
[INFO 2023-05-04 18:14:37,125]-> Trial 16 pruned. 
[INFO 2023-05-04 18:14:47,559]-> Trial 17 finished with value: 0.6459330320358276 and parameters: {'k_EMO': 34, 'hidden_dim': 11, 'lr': 0.002100408407671935, 'weight_decay': 0.001165861659468429}. Best is trial 9 with value: 0.6555023789405823.
[INFO 2023-05-04 18:14:48,702]-> Trial 18 pruned. 
[INFO 2023-05-04 18:14:49,826]-> Trial 19 pruned. 
[INFO 2023-05-04 18:14:50,922]-> Trial 20 pruned. 
[INFO 2023-05-04 18:15:01,430]-> Trial 21 finished with value: 0.6363636255264282 and parameters: {'k_EMO': 42, 'hidden_dim': 14, 'lr': 0.0006077737398388276, 'weight_decay': 0.005724722866838677}. Best is trial 9 with value: 0.6555023789405823.
[INFO 2023-05-04 18:15:12,041]-> Trial 22 finished with value: 0.6363636255264282 and parameters: {'k_EMO': 51, 'hidden_dim': 18, 'lr': 0.0010023245355726242, 'weight_decay': 0.0014466900971787868}. Best is trial 9 with value: 0.6555023789405823.
[INFO 2023-05-04 18:15:13,116]-> Trial 23 pruned. 
[INFO 2023-05-04 18:15:14,189]-> Trial 24 pruned. 
[INFO 2023-05-04 18:15:24,694]-> Trial 25 finished with value: 0.6411483287811279 and parameters: {'k_EMO': 39, 'hidden_dim': 13, 'lr': 0.00045596773077933873, 'weight_decay': 0.005063017330331989}. Best is trial 9 with value: 0.6555023789405823.
[INFO 2023-05-04 18:15:25,799]-> Trial 26 pruned. 
[INFO 2023-05-04 18:15:26,924]-> Trial 27 pruned. 
[INFO 2023-05-04 18:15:28,027]-> Trial 28 pruned. 
[INFO 2023-05-04 18:15:29,172]-> Trial 29 pruned. 
[INFO 2023-05-04 18:15:30,373]-> Trial 30 pruned. 
[INFO 2023-05-04 18:15:40,550]-> Trial 31 finished with value: 0.6698564887046814 and parameters: {'k_EMO': 6, 'hidden_dim': 17, 'lr': 0.0036518024383411707, 'weight_decay': 0.006260106974419286}. Best is trial 31 with value: 0.6698564887046814.
[INFO 2023-05-04 18:15:50,721]-> Trial 32 finished with value: 0.6363636255264282 and parameters: {'k_EMO': 3, 'hidden_dim': 19, 'lr': 0.005619508375251271, 'weight_decay': 0.006770110580019662}. Best is trial 31 with value: 0.6698564887046814.
[INFO 2023-05-04 18:15:51,777]-> Trial 33 pruned. 
[INFO 2023-05-04 18:15:52,913]-> Trial 34 pruned. 
[INFO 2023-05-04 18:16:03,191]-> Trial 35 finished with value: 0.6555023789405823 and parameters: {'k_EMO': 8, 'hidden_dim': 16, 'lr': 0.004518976565179173, 'weight_decay': 0.003530547979366159}. Best is trial 31 with value: 0.6698564887046814.
[INFO 2023-05-04 18:16:13,521]-> Trial 36 finished with value: 0.6411483287811279 and parameters: {'k_EMO': 14, 'hidden_dim': 16, 'lr': 0.0043109099881630435, 'weight_decay': 0.002166014182763712}. Best is trial 31 with value: 0.6698564887046814.
[INFO 2023-05-04 18:16:14,564]-> Trial 37 pruned. 
[INFO 2023-05-04 18:16:24,788]-> Trial 38 finished with value: 0.6363636255264282 and parameters: {'k_EMO': 7, 'hidden_dim': 18, 'lr': 0.003970746383364377, 'weight_decay': 0.004058610062837564}. Best is trial 31 with value: 0.6698564887046814.
[INFO 2023-05-04 18:16:25,854]-> Trial 39 pruned. 
[INFO 2023-05-04 18:16:26,922]-> Trial 40 pruned. 
[INFO 2023-05-04 18:16:37,033]-> Trial 41 finished with value: 0.6363636255264282 and parameters: {'k_EMO': 9, 'hidden_dim': 14, 'lr': 0.0023441500450761574, 'weight_decay': 0.004756824281788333}. Best is trial 31 with value: 0.6698564887046814.
[INFO 2023-05-04 18:16:47,649]-> Trial 42 finished with value: 0.6459330320358276 and parameters: {'k_EMO': 62, 'hidden_dim': 17, 'lr': 0.00949873203354765, 'weight_decay': 0.0035633964133808247}. Best is trial 31 with value: 0.6698564887046814.
[INFO 2023-05-04 18:16:57,713]-> Trial 43 finished with value: 0.6363636255264282 and parameters: {'k_EMO': 2, 'hidden_dim': 12, 'lr': 0.0030941160386477773, 'weight_decay': 0.003411399121287289}. Best is trial 31 with value: 0.6698564887046814.
[INFO 2023-05-04 18:16:58,809]-> Trial 44 pruned. 
[INFO 2023-05-04 18:16:59,941]-> Trial 45 pruned. 
[INFO 2023-05-04 18:17:01,032]-> Trial 46 pruned. 
[INFO 2023-05-04 18:17:11,742]-> Trial 47 finished with value: 0.6507176756858826 and parameters: {'k_EMO': 68, 'hidden_dim': 12, 'lr': 0.005773731283345543, 'weight_decay': 0.0033164231829612804}. Best is trial 31 with value: 0.6698564887046814.
[INFO 2023-05-04 18:17:22,312]-> Trial 48 finished with value: 0.6507176756858826 and parameters: {'k_EMO': 49, 'hidden_dim': 17, 'lr': 0.0018437835201560696, 'weight_decay': 0.0017880935883895417}. Best is trial 31 with value: 0.6698564887046814.
[INFO 2023-05-04 18:17:23,390]-> Trial 49 pruned. 
[INFO 2023-05-04 18:17:24,479]-> Trial 50 pruned. 
[INFO 2023-05-04 18:17:25,551]-> Trial 51 pruned. 
[INFO 2023-05-04 18:17:26,604]-> Trial 52 pruned. 
[INFO 2023-05-04 18:17:36,746]-> Trial 53 finished with value: 0.6459330320358276 and parameters: {'k_EMO': 12, 'hidden_dim': 14, 'lr': 0.0044568345824827615, 'weight_decay': 0.004501644135555594}. Best is trial 31 with value: 0.6698564887046814.
[INFO 2023-05-04 18:17:37,815]-> Trial 54 pruned. 
[INFO 2023-05-04 18:17:38,904]-> Trial 55 pruned. 
[INFO 2023-05-04 18:17:49,223]-> Trial 56 finished with value: 0.6650717854499817 and parameters: {'k_EMO': 25, 'hidden_dim': 15, 'lr': 0.0015202956325086395, 'weight_decay': 0.007441911085716562}. Best is trial 31 with value: 0.6698564887046814.
[INFO 2023-05-04 18:17:50,293]-> Trial 57 pruned. 
[INFO 2023-05-04 18:18:00,777]-> Trial 58 finished with value: 0.6411483287811279 and parameters: {'k_EMO': 37, 'hidden_dim': 14, 'lr': 0.0020383143612870596, 'weight_decay': 0.008080191262944975}. Best is trial 31 with value: 0.6698564887046814.
[INFO 2023-05-04 18:18:01,866]-> Trial 59 pruned. 
[INFO 2023-05-04 18:18:12,505]-> Trial 60 finished with value: 0.6411483287811279 and parameters: {'k_EMO': 61, 'hidden_dim': 12, 'lr': 0.0016195418783117956, 'weight_decay': 0.001386496107171309}. Best is trial 31 with value: 0.6698564887046814.
[INFO 2023-05-04 18:18:13,591]-> Trial 61 pruned. 
[INFO 2023-05-04 18:18:23,917]-> Trial 62 finished with value: 0.6363636255264282 and parameters: {'k_EMO': 9, 'hidden_dim': 17, 'lr': 0.0011803102493941169, 'weight_decay': 0.003992558065473378}. Best is trial 31 with value: 0.6698564887046814.
[INFO 2023-05-04 18:18:24,987]-> Trial 63 pruned. 
[INFO 2023-05-04 18:18:35,187]-> Trial 64 finished with value: 0.6411483287811279 and parameters: {'k_EMO': 4, 'hidden_dim': 15, 'lr': 0.00405932985838119, 'weight_decay': 0.00864120876151641}. Best is trial 31 with value: 0.6698564887046814.
[INFO 2023-05-04 18:18:45,584]-> Trial 65 finished with value: 0.6555023789405823 and parameters: {'k_EMO': 33, 'hidden_dim': 14, 'lr': 0.0034647541847994154, 'weight_decay': 0.0065496925480305525}. Best is trial 31 with value: 0.6698564887046814.
[INFO 2023-05-04 18:18:55,967]-> Trial 66 finished with value: 0.6363636255264282 and parameters: {'k_EMO': 34, 'hidden_dim': 13, 'lr': 0.005299938393292598, 'weight_decay': 0.006671845955331943}. Best is trial 31 with value: 0.6698564887046814.
[INFO 2023-05-04 18:18:57,050]-> Trial 67 pruned. 
[INFO 2023-05-04 18:19:07,423]-> Trial 68 finished with value: 0.660287082195282 and parameters: {'k_EMO': 33, 'hidden_dim': 15, 'lr': 0.002113098059686509, 'weight_decay': 0.005457003762152384}. Best is trial 31 with value: 0.6698564887046814.
[INFO 2023-05-04 18:19:17,614]-> Trial 69 finished with value: 0.6363636255264282 and parameters: {'k_EMO': 32, 'hidden_dim': 11, 'lr': 0.0035439828591359696, 'weight_decay': 0.006769967877698815}. Best is trial 31 with value: 0.6698564887046814.
[INFO 2023-05-04 18:19:28,109]-> Trial 70 finished with value: 0.6411483287811279 and parameters: {'k_EMO': 47, 'hidden_dim': 15, 'lr': 0.0021871308091397147, 'weight_decay': 0.005443228756213662}. Best is trial 31 with value: 0.6698564887046814.
[INFO 2023-05-04 18:19:38,632]-> Trial 71 finished with value: 0.6363636255264282 and parameters: {'k_EMO': 43, 'hidden_dim': 14, 'lr': 0.0013842565799760888, 'weight_decay': 0.00601736016076248}. Best is trial 31 with value: 0.6698564887046814.
[INFO 2023-05-04 18:19:39,695]-> Trial 72 pruned. 
[INFO 2023-05-04 18:19:40,817]-> Trial 73 pruned. 
[INFO 2023-05-04 18:19:41,868]-> Trial 74 pruned. 
[INFO 2023-05-04 18:19:42,929]-> Trial 75 pruned. 
[INFO 2023-05-04 18:19:44,007]-> Trial 76 pruned. 
[INFO 2023-05-04 18:19:54,441]-> Trial 77 finished with value: 0.6555023789405823 and parameters: {'k_EMO': 40, 'hidden_dim': 12, 'lr': 0.006362835167507056, 'weight_decay': 0.003973404532893814}. Best is trial 31 with value: 0.6698564887046814.
[INFO 2023-05-04 18:20:04,768]-> Trial 78 finished with value: 0.6507176756858826 and parameters: {'k_EMO': 31, 'hidden_dim': 10, 'lr': 0.0062440349317027435, 'weight_decay': 0.0036662845991995933}. Best is trial 31 with value: 0.6698564887046814.
[INFO 2023-05-04 18:20:15,316]-> Trial 79 finished with value: 0.6507176756858826 and parameters: {'k_EMO': 54, 'hidden_dim': 12, 'lr': 0.004645648583579614, 'weight_decay': 0.002967823659145261}. Best is trial 31 with value: 0.6698564887046814.
[INFO 2023-05-04 18:20:16,353]-> Trial 80 pruned. 
[INFO 2023-05-04 18:20:26,804]-> Trial 81 finished with value: 0.6507176756858826 and parameters: {'k_EMO': 39, 'hidden_dim': 14, 'lr': 0.008327372561034323, 'weight_decay': 0.0071798880769304765}. Best is trial 31 with value: 0.6698564887046814.
[INFO 2023-05-04 18:20:37,249]-> Trial 82 finished with value: 0.6746411323547363 and parameters: {'k_EMO': 45, 'hidden_dim': 13, 'lr': 0.005636798360593478, 'weight_decay': 0.004364870880569334}. Best is trial 82 with value: 0.6746411323547363.
[INFO 2023-05-04 18:20:47,860]-> Trial 83 finished with value: 0.6459330320358276 and parameters: {'k_EMO': 59, 'hidden_dim': 13, 'lr': 0.005002582494287797, 'weight_decay': 0.004748075618463179}. Best is trial 82 with value: 0.6746411323547363.
[INFO 2023-05-04 18:20:58,690]-> Trial 84 finished with value: 0.6363636255264282 and parameters: {'k_EMO': 46, 'hidden_dim': 12, 'lr': 0.005368694429127094, 'weight_decay': 0.004348305260328512}. Best is trial 82 with value: 0.6746411323547363.
[INFO 2023-05-04 18:20:59,822]-> Trial 85 pruned. 
[INFO 2023-05-04 18:21:10,228]-> Trial 86 finished with value: 0.6411483287811279 and parameters: {'k_EMO': 36, 'hidden_dim': 14, 'lr': 0.004162118940164975, 'weight_decay': 0.006239331666194173}. Best is trial 82 with value: 0.6746411323547363.
[INFO 2023-05-04 18:21:20,487]-> Trial 87 finished with value: 0.6459330320358276 and parameters: {'k_EMO': 27, 'hidden_dim': 18, 'lr': 0.005619971275744813, 'weight_decay': 0.0036616847042211134}. Best is trial 82 with value: 0.6746411323547363.
[INFO 2023-05-04 18:21:30,952]-> Trial 88 finished with value: 0.6459330320358276 and parameters: {'k_EMO': 45, 'hidden_dim': 13, 'lr': 0.007594297540634377, 'weight_decay': 0.005446270261929657}. Best is trial 82 with value: 0.6746411323547363.
[INFO 2023-05-04 18:21:32,030]-> Trial 89 pruned. 
[INFO 2023-05-04 18:21:42,689]-> Trial 90 finished with value: 0.6507176756858826 and parameters: {'k_EMO': 72, 'hidden_dim': 17, 'lr': 0.003606770857564539, 'weight_decay': 0.004257420663206569}. Best is trial 82 with value: 0.6746411323547363.
[INFO 2023-05-04 18:21:43,781]-> Trial 91 pruned. 
[INFO 2023-05-04 18:21:54,282]-> Trial 92 finished with value: 0.6459330320358276 and parameters: {'k_EMO': 38, 'hidden_dim': 15, 'lr': 0.003009664351564038, 'weight_decay': 0.004995297714292813}. Best is trial 82 with value: 0.6746411323547363.
[INFO 2023-05-04 18:21:55,436]-> Trial 93 pruned. 
[INFO 2023-05-04 18:21:56,517]-> Trial 94 pruned. 
[INFO 2023-05-04 18:21:57,599]-> Trial 95 pruned. 
[INFO 2023-05-04 18:22:08,248]-> Trial 96 finished with value: 0.6650717854499817 and parameters: {'k_EMO': 41, 'hidden_dim': 14, 'lr': 0.005060512537177107, 'weight_decay': 0.002110048123692937}. Best is trial 82 with value: 0.6746411323547363.
[INFO 2023-05-04 18:22:18,411]-> Trial 97 finished with value: 0.6363636255264282 and parameters: {'k_EMO': 11, 'hidden_dim': 14, 'lr': 0.005006186419392172, 'weight_decay': 0.002243989370262105}. Best is trial 82 with value: 0.6746411323547363.
[INFO 2023-05-04 18:22:19,475]-> Trial 98 pruned. 
[INFO 2023-05-04 18:22:20,570]-> Trial 99 pruned. 
[INFO 2023-05-04 18:22:20,747]-> Best trial:
[INFO 2023-05-04 18:22:20,748]-> 	Value: 0.675
[INFO 2023-05-04 18:22:20,748]-> 	Params:
[INFO 2023-05-04 18:22:20,748]-> 		k_EMO |-> 45
[INFO 2023-05-04 18:22:20,748]-> 		hidden_dim |-> 13
[INFO 2023-05-04 18:22:20,748]-> 		lr |-> 0.005636798360593478
[INFO 2023-05-04 18:22:20,749]-> 		weight_decay |-> 0.004364870880569334
[INFO 2023-05-04 18:22:20,984]-> Final test results:
[INFO 2023-05-04 18:22:20,984]-> 	accuracy |-> 0.502
[INFO 2023-05-04 18:22:20,984]-> 	f1_score |-> 0.437
[INFO 2023-05-04 18:22:20,984]-> 	f1_score -> average@micro |-> 0.502
