[INFO 2023-05-11 15:42:22,635]-> Logs will be saved to /home/adriendutfoy/Desktop/Dev/MultiGraph/examples/logs/2023-05-11--15-42-22/log.txt
[INFO 2023-05-11 15:42:22,635]-> Files in training will be saved in /home/adriendutfoy/Desktop/Dev/MultiGraph/examples/logs/2023-05-11--15-42-22
[INFO 2023-05-11 15:42:22,635]-> Random seed is 1683787342
[INFO 2023-05-11 15:42:22,636]-> A new study created in memory with name: no-name-bc9d433f-7889-4b0d-afb3-99c4444c5dcb
[INFO 2023-05-11 15:42:49,832]-> Trial 0 finished with value: 0.6491228342056274 and parameters: {"k_['ECG']": 57, "k_['EEG']": 91, "k_['EMO']": 52, "k_['GSR']": 82, "k_['ECG', 'EEG']": 74, "k_['ECG', 'EMO']": 23, "k_['ECG', 'GSR']": 44, "k_['EEG', 'EMO']": 76, "k_['EEG', 'GSR']": 72, "k_['EMO', 'GSR']": 45, "k_['ECG', 'EEG', 'EMO']": 88, "k_['ECG', 'EEG', 'GSR']": 36, "k_['ECG', 'EMO', 'GSR']": 29, "k_['EEG', 'EMO', 'GSR']": 55, "k_['ECG', 'EEG', 'EMO', 'GSR']": 8, 'hidden_dim': 37, 'lr': 0.006073121570953106, 'weight_decay': 0.008295234407637776}. Best is trial 0 with value: 0.6491228342056274.
[INFO 2023-05-11 15:43:16,702]-> Trial 1 finished with value: 0.6578947305679321 and parameters: {"k_['ECG']": 93, "k_['EEG']": 44, "k_['EMO']": 62, "k_['GSR']": 88, "k_['ECG', 'EEG']": 29, "k_['ECG', 'EMO']": 66, "k_['ECG', 'GSR']": 7, "k_['EEG', 'EMO']": 61, "k_['EEG', 'GSR']": 64, "k_['EMO', 'GSR']": 24, "k_['ECG', 'EEG', 'EMO']": 79, "k_['ECG', 'EEG', 'GSR']": 44, "k_['ECG', 'EMO', 'GSR']": 19, "k_['EEG', 'EMO', 'GSR']": 81, "k_['ECG', 'EEG', 'EMO', 'GSR']": 81, 'hidden_dim': 44, 'lr': 0.002485153466203111, 'weight_decay': 0.0018330547732381128}. Best is trial 1 with value: 0.6578947305679321.
[INFO 2023-05-11 15:43:41,791]-> Trial 2 finished with value: 0.6578947305679321 and parameters: {"k_['ECG']": 42, "k_['EEG']": 92, "k_['EMO']": 81, "k_['GSR']": 11, "k_['ECG', 'EEG']": 14, "k_['ECG', 'EMO']": 44, "k_['ECG', 'GSR']": 17, "k_['EEG', 'EMO']": 23, "k_['EEG', 'GSR']": 25, "k_['EMO', 'GSR']": 13, "k_['ECG', 'EEG', 'EMO']": 33, "k_['ECG', 'EEG', 'GSR']": 84, "k_['ECG', 'EMO', 'GSR']": 70, "k_['EEG', 'EMO', 'GSR']": 29, "k_['ECG', 'EEG', 'EMO', 'GSR']": 97, 'hidden_dim': 19, 'lr': 0.004791297069578816, 'weight_decay': 0.003421677836720047}. Best is trial 1 with value: 0.6578947305679321.
[INFO 2023-05-11 15:44:07,267]-> Trial 3 finished with value: 0.6491228342056274 and parameters: {"k_['ECG']": 89, "k_['EEG']": 41, "k_['EMO']": 9, "k_['GSR']": 79, "k_['ECG', 'EEG']": 71, "k_['ECG', 'EMO']": 74, "k_['ECG', 'GSR']": 73, "k_['EEG', 'EMO']": 35, "k_['EEG', 'GSR']": 44, "k_['EMO', 'GSR']": 18, "k_['ECG', 'EEG', 'EMO']": 68, "k_['ECG', 'EEG', 'GSR']": 73, "k_['ECG', 'EMO', 'GSR']": 94, "k_['EEG', 'EMO', 'GSR']": 79, "k_['ECG', 'EEG', 'EMO', 'GSR']": 10, 'hidden_dim': 20, 'lr': 0.004476654418204832, 'weight_decay': 0.0059510307242601704}. Best is trial 1 with value: 0.6578947305679321.
[INFO 2023-05-11 15:44:30,502]-> Trial 4 finished with value: 0.640350878238678 and parameters: {"k_['ECG']": 28, "k_['EEG']": 8, "k_['EMO']": 27, "k_['GSR']": 39, "k_['ECG', 'EEG']": 47, "k_['ECG', 'EMO']": 38, "k_['ECG', 'GSR']": 81, "k_['EEG', 'EMO']": 25, "k_['EEG', 'GSR']": 6, "k_['EMO', 'GSR']": 40, "k_['ECG', 'EEG', 'EMO']": 65, "k_['ECG', 'EEG', 'GSR']": 11, "k_['ECG', 'EMO', 'GSR']": 5, "k_['EEG', 'EMO', 'GSR']": 91, "k_['ECG', 'EEG', 'EMO', 'GSR']": 40, 'hidden_dim': 41, 'lr': 0.009773457012043732, 'weight_decay': 0.008443491661452657}. Best is trial 1 with value: 0.6578947305679321.
[INFO 2023-05-11 15:44:54,121]-> Trial 5 finished with value: 0.640350878238678 and parameters: {"k_['ECG']": 18, "k_['EEG']": 34, "k_['EMO']": 29, "k_['GSR']": 52, "k_['ECG', 'EEG']": 100, "k_['ECG', 'EMO']": 64, "k_['ECG', 'GSR']": 30, "k_['EEG', 'EMO']": 72, "k_['EEG', 'GSR']": 46, "k_['EMO', 'GSR']": 61, "k_['ECG', 'EEG', 'EMO']": 18, "k_['ECG', 'EEG', 'GSR']": 3, "k_['ECG', 'EMO', 'GSR']": 100, "k_['EEG', 'EMO', 'GSR']": 10, "k_['ECG', 'EEG', 'EMO', 'GSR']": 46, 'hidden_dim': 48, 'lr': 0.006370003495853188, 'weight_decay': 0.000550870055886814}. Best is trial 1 with value: 0.6578947305679321.
[INFO 2023-05-11 15:45:17,631]-> Trial 6 finished with value: 0.640350878238678 and parameters: {"k_['ECG']": 96, "k_['EEG']": 48, "k_['EMO']": 7, "k_['GSR']": 50, "k_['ECG', 'EEG']": 8, "k_['ECG', 'EMO']": 44, "k_['ECG', 'GSR']": 17, "k_['EEG', 'EMO']": 20, "k_['EEG', 'GSR']": 22, "k_['EMO', 'GSR']": 78, "k_['ECG', 'EEG', 'EMO']": 75, "k_['ECG', 'EEG', 'GSR']": 84, "k_['ECG', 'EMO', 'GSR']": 23, "k_['EEG', 'EMO', 'GSR']": 25, "k_['ECG', 'EEG', 'EMO', 'GSR']": 28, 'hidden_dim': 3, 'lr': 0.008263214791911078, 'weight_decay': 0.008400434682522294}. Best is trial 1 with value: 0.6578947305679321.
[INFO 2023-05-11 15:45:42,496]-> Trial 7 finished with value: 0.6491228342056274 and parameters: {"k_['ECG']": 3, "k_['EEG']": 64, "k_['EMO']": 62, "k_['GSR']": 95, "k_['ECG', 'EEG']": 23, "k_['ECG', 'EMO']": 91, "k_['ECG', 'GSR']": 56, "k_['EEG', 'EMO']": 81, "k_['EEG', 'GSR']": 58, "k_['EMO', 'GSR']": 97, "k_['ECG', 'EEG', 'EMO']": 30, "k_['ECG', 'EEG', 'GSR']": 39, "k_['ECG', 'EMO', 'GSR']": 66, "k_['EEG', 'EMO', 'GSR']": 7, "k_['ECG', 'EEG', 'EMO', 'GSR']": 69, 'hidden_dim': 15, 'lr': 0.0004199982325831586, 'weight_decay': 0.0001024089510022945}. Best is trial 1 with value: 0.6578947305679321.
[INFO 2023-05-11 15:46:07,051]-> Trial 8 finished with value: 0.6666666865348816 and parameters: {"k_['ECG']": 38, "k_['EEG']": 96, "k_['EMO']": 16, "k_['GSR']": 35, "k_['ECG', 'EEG']": 78, "k_['ECG', 'EMO']": 16, "k_['ECG', 'GSR']": 84, "k_['EEG', 'EMO']": 79, "k_['EEG', 'GSR']": 47, "k_['EMO', 'GSR']": 54, "k_['ECG', 'EEG', 'EMO']": 23, "k_['ECG', 'EEG', 'GSR']": 58, "k_['ECG', 'EMO', 'GSR']": 38, "k_['EEG', 'EMO', 'GSR']": 12, "k_['ECG', 'EEG', 'EMO', 'GSR']": 77, 'hidden_dim': 28, 'lr': 0.007877677057204416, 'weight_decay': 0.0064420781221709396}. Best is trial 8 with value: 0.6666666865348816.
[INFO 2023-05-11 15:46:14,066]-> Trial 9 pruned. 
[INFO 2023-05-11 15:46:41,612]-> Trial 10 finished with value: 0.640350878238678 and parameters: {"k_['ECG']": 74, "k_['EEG']": 70, "k_['EMO']": 95, "k_['GSR']": 31, "k_['ECG', 'EEG']": 97, "k_['ECG', 'EMO']": 5, "k_['ECG', 'GSR']": 98, "k_['EEG', 'EMO']": 100, "k_['EEG', 'GSR']": 97, "k_['EMO', 'GSR']": 66, "k_['ECG', 'EEG', 'EMO']": 3, "k_['ECG', 'EEG', 'GSR']": 63, "k_['ECG', 'EMO', 'GSR']": 48, "k_['EEG', 'EMO', 'GSR']": 31, "k_['ECG', 'EEG', 'EMO', 'GSR']": 74, 'hidden_dim': 32, 'lr': 0.007529261285304517, 'weight_decay': 0.005679140332639977}. Best is trial 8 with value: 0.6666666865348816.
[INFO 2023-05-11 15:46:48,772]-> Trial 11 pruned. 
[INFO 2023-05-11 15:47:13,991]-> Trial 12 finished with value: 0.640350878238678 and parameters: {"k_['ECG']": 80, "k_['EEG']": 72, "k_['EMO']": 40, "k_['GSR']": 71, "k_['ECG', 'EEG']": 72, "k_['ECG', 'EMO']": 98, "k_['ECG', 'GSR']": 6, "k_['EEG', 'EMO']": 96, "k_['EEG', 'GSR']": 64, "k_['EMO', 'GSR']": 29, "k_['ECG', 'EEG', 'EMO']": 51, "k_['ECG', 'EEG', 'GSR']": 27, "k_['ECG', 'EMO', 'GSR']": 35, "k_['EEG', 'EMO', 'GSR']": 97, "k_['ECG', 'EEG', 'EMO', 'GSR']": 65, 'hidden_dim': 29, 'lr': 0.002831399550060552, 'weight_decay': 0.006774548052300178}. Best is trial 8 with value: 0.6666666865348816.
[INFO 2023-05-11 15:47:39,421]-> Trial 13 finished with value: 0.6491228342056274 and parameters: {"k_['ECG']": 40, "k_['EEG']": 27, "k_['EMO']": 45, "k_['GSR']": 100, "k_['ECG', 'EEG']": 39, "k_['ECG', 'EMO']": 59, "k_['ECG', 'GSR']": 100, "k_['EEG', 'EMO']": 55, "k_['EEG', 'GSR']": 90, "k_['EMO', 'GSR']": 59, "k_['ECG', 'EEG', 'EMO']": 97, "k_['ECG', 'EEG', 'GSR']": 56, "k_['ECG', 'EMO', 'GSR']": 10, "k_['EEG', 'EMO', 'GSR']": 69, "k_['ECG', 'EEG', 'EMO', 'GSR']": 100, 'hidden_dim': 7, 'lr': 0.0077039073653922315, 'weight_decay': 0.003995616676527984}. Best is trial 8 with value: 0.6666666865348816.
[INFO 2023-05-11 15:48:04,246]-> Trial 14 finished with value: 0.640350878238678 and parameters: {"k_['ECG']": 72, "k_['EEG']": 99, "k_['EMO']": 72, "k_['GSR']": 26, "k_['ECG', 'EEG']": 83, "k_['ECG', 'EMO']": 5, "k_['ECG', 'GSR']": 84, "k_['EEG', 'EMO']": 4, "k_['EEG', 'GSR']": 29, "k_['EMO', 'GSR']": 80, "k_['ECG', 'EEG', 'EMO']": 79, "k_['ECG', 'EEG', 'GSR']": 68, "k_['ECG', 'EMO', 'GSR']": 61, "k_['EEG', 'EMO', 'GSR']": 42, "k_['ECG', 'EEG', 'EMO', 'GSR']": 83, 'hidden_dim': 24, 'lr': 0.009249048135791572, 'weight_decay': 0.00990537677495217}. Best is trial 8 with value: 0.6666666865348816.
[INFO 2023-05-11 15:48:11,482]-> Trial 15 pruned. 
[INFO 2023-05-11 15:48:36,328]-> Trial 16 finished with value: 0.640350878238678 and parameters: {"k_['ECG']": 100, "k_['EEG']": 80, "k_['EMO']": 56, "k_['GSR']": 6, "k_['ECG', 'EEG']": 59, "k_['ECG', 'EMO']": 72, "k_['ECG', 'GSR']": 44, "k_['EEG', 'EMO']": 65, "k_['EEG', 'GSR']": 56, "k_['EMO', 'GSR']": 49, "k_['ECG', 'EEG', 'EMO']": 41, "k_['ECG', 'EEG', 'GSR']": 46, "k_['ECG', 'EMO', 'GSR']": 14, "k_['EEG', 'EMO', 'GSR']": 80, "k_['ECG', 'EEG', 'EMO', 'GSR']": 84, 'hidden_dim': 44, 'lr': 0.0035800009265560253, 'weight_decay': 0.001907090404888625}. Best is trial 8 with value: 0.6666666865348816.
[INFO 2023-05-11 15:48:43,425]-> Trial 17 pruned. 
[INFO 2023-05-11 15:49:06,623]-> Trial 18 finished with value: 0.6578947305679321 and parameters: {"k_['ECG']": 13, "k_['EEG']": 55, "k_['EMO']": 40, "k_['GSR']": 47, "k_['ECG', 'EEG']": 87, "k_['ECG', 'EMO']": 88, "k_['ECG', 'GSR']": 89, "k_['EEG', 'EMO']": 88, "k_['EEG', 'GSR']": 13, "k_['EMO', 'GSR']": 3, "k_['ECG', 'EEG', 'EMO']": 7, "k_['ECG', 'EEG', 'GSR']": 30, "k_['ECG', 'EMO', 'GSR']": 28, "k_['EEG', 'EMO', 'GSR']": 14, "k_['ECG', 'EEG', 'EMO', 'GSR']": 74, 'hidden_dim': 26, 'lr': 0.0018253077832573747, 'weight_decay': 0.004944292352484567}. Best is trial 8 with value: 0.6666666865348816.
[INFO 2023-05-11 15:49:13,959]-> Trial 19 pruned. 
[INFO 2023-05-11 15:49:37,247]-> Trial 20 finished with value: 0.6578947305679321 and parameters: {"k_['ECG']": 85, "k_['EEG']": 43, "k_['EMO']": 77, "k_['GSR']": 66, "k_['ECG', 'EEG']": 18, "k_['ECG', 'EMO']": 15, "k_['ECG', 'GSR']": 26, "k_['EEG', 'EMO']": 57, "k_['EEG', 'GSR']": 54, "k_['EMO', 'GSR']": 52, "k_['ECG', 'EEG', 'EMO']": 36, "k_['ECG', 'EEG', 'GSR']": 44, "k_['ECG', 'EMO', 'GSR']": 42, "k_['EEG', 'EMO', 'GSR']": 43, "k_['ECG', 'EEG', 'EMO', 'GSR']": 77, 'hidden_dim': 34, 'lr': 0.007159209504394008, 'weight_decay': 0.006586166984612008}. Best is trial 8 with value: 0.6666666865348816.
[INFO 2023-05-11 15:50:00,933]-> Trial 21 finished with value: 0.6666666865348816 and parameters: {"k_['ECG']": 40, "k_['EEG']": 100, "k_['EMO']": 90, "k_['GSR']": 3, "k_['ECG', 'EEG']": 9, "k_['ECG', 'EMO']": 45, "k_['ECG', 'GSR']": 19, "k_['EEG', 'EMO']": 12, "k_['EEG', 'GSR']": 25, "k_['EMO', 'GSR']": 12, "k_['ECG', 'EEG', 'EMO']": 21, "k_['ECG', 'EEG', 'GSR']": 83, "k_['ECG', 'EMO', 'GSR']": 75, "k_['EEG', 'EMO', 'GSR']": 21, "k_['ECG', 'EEG', 'EMO', 'GSR']": 100, 'hidden_dim': 19, 'lr': 0.004351822978686665, 'weight_decay': 0.003237170551098443}. Best is trial 8 with value: 0.6666666865348816.
[INFO 2023-05-11 15:50:08,087]-> Trial 22 pruned. 
[INFO 2023-05-11 15:50:15,121]-> Trial 23 pruned. 
[INFO 2023-05-11 15:50:22,273]-> Trial 24 pruned. 
[INFO 2023-05-11 15:50:29,325]-> Trial 25 pruned. 
[INFO 2023-05-11 15:50:53,185]-> Trial 26 finished with value: 0.6491228342056274 and parameters: {"k_['ECG']": 38, "k_['EEG']": 55, "k_['EMO']": 100, "k_['GSR']": 29, "k_['ECG', 'EEG']": 22, "k_['ECG', 'EMO']": 80, "k_['ECG', 'GSR']": 52, "k_['EEG', 'EMO']": 66, "k_['EEG', 'GSR']": 48, "k_['EMO', 'GSR']": 10, "k_['ECG', 'EEG', 'EMO']": 56, "k_['ECG', 'EEG', 'GSR']": 90, "k_['ECG', 'EMO', 'GSR']": 34, "k_['EEG', 'EMO', 'GSR']": 35, "k_['ECG', 'EEG', 'EMO', 'GSR']": 53, 'hidden_dim': 22, 'lr': 0.004796985485789624, 'weight_decay': 0.002726780943360157}. Best is trial 8 with value: 0.6666666865348816.
