[INFO 2023-05-10 18:30:50,197]-> Logs will be saved to /home/adriendutfoy/Desktop/Dev/MultiGraph/examples/logs/2023-05-10--18-30-50/log.txt
[INFO 2023-05-10 18:30:50,197]-> Files in training will be saved in /home/adriendutfoy/Desktop/Dev/MultiGraph/examples/logs/2023-05-10--18-30-50
[INFO 2023-05-10 18:30:50,198]-> Random seed is 0
[INFO 2023-05-10 18:30:50,199]-> A new study created in memory with name: no-name-d6d768b9-97c4-43dd-8dd6-2ac1aa715a1c
[INFO 2023-05-10 18:31:15,855]-> Trial 0 finished with value: 0.5964912176132202 and parameters: {'k': 56, 'hidden_dim': 37, 'lr': 0.006067357423109275, 'weight_decay': 0.0054943435116692795}. Best is trial 0 with value: 0.5964912176132202.
[INFO 2023-05-10 18:31:38,749]-> Trial 1 finished with value: 0.6052631735801697 and parameters: {'k': 44, 'hidden_dim': 33, 'lr': 0.004432113391500656, 'weight_decay': 0.00892855270774259}. Best is trial 1 with value: 0.6052631735801697.
[INFO 2023-05-10 18:32:09,886]-> Trial 2 finished with value: 0.5877193212509155 and parameters: {'k': 97, 'hidden_dim': 20, 'lr': 0.00793807787701838, 'weight_decay': 0.005336059705553755}. Best is trial 1 with value: 0.6052631735801697.
[INFO 2023-05-10 18:32:34,861]-> Trial 3 finished with value: 0.5964912176132202 and parameters: {'k': 58, 'hidden_dim': 47, 'lr': 0.0008032569761590808, 'weight_decay': 0.0009625800670452531}. Best is trial 1 with value: 0.6052631735801697.
[INFO 2023-05-10 18:32:50,624]-> Trial 4 finished with value: 0.6228070259094238 and parameters: {'k': 4, 'hidden_dim': 42, 'lr': 0.0078037518344035205, 'weight_decay': 0.00871312026764351}. Best is trial 4 with value: 0.6228070259094238.
[INFO 2023-05-10 18:33:22,730]-> Trial 5 finished with value: 0.5877193212509155 and parameters: {'k': 98, 'hidden_dim': 41, 'lr': 0.004668645686304026, 'weight_decay': 0.00782723884523591}. Best is trial 4 with value: 0.6228070259094238.
[INFO 2023-05-10 18:33:39,554]-> Trial 6 finished with value: 0.6052631735801697 and parameters: {'k': 14, 'hidden_dim': 33, 'lr': 0.0015191975453495595, 'weight_decay': 0.00945222227879088}. Best is trial 4 with value: 0.6228070259094238.
[INFO 2023-05-10 18:33:46,516]-> Trial 7 pruned. 
[INFO 2023-05-10 18:33:53,500]-> Trial 8 pruned. 
[INFO 2023-05-10 18:34:19,917]-> Trial 9 finished with value: 0.5964912176132202 and parameters: {'k': 62, 'hidden_dim': 32, 'lr': 0.00944310597729478, 'weight_decay': 0.0068500209611244865}. Best is trial 4 with value: 0.6228070259094238.
[INFO 2023-05-10 18:34:26,559]-> Trial 10 pruned. 
[INFO 2023-05-10 18:34:46,257]-> Trial 11 finished with value: 0.6140350699424744 and parameters: {'k': 28, 'hidden_dim': 50, 'lr': 0.00429419118744842, 'weight_decay': 0.009752338753594075}. Best is trial 4 with value: 0.6228070259094238.
[INFO 2023-05-10 18:34:53,077]-> Trial 12 pruned. 
[INFO 2023-05-10 18:34:59,756]-> Trial 13 pruned. 
[INFO 2023-05-10 18:35:18,978]-> Trial 14 finished with value: 0.6140350699424744 and parameters: {'k': 28, 'hidden_dim': 49, 'lr': 0.009437504443815874, 'weight_decay': 0.008276088728649496}. Best is trial 4 with value: 0.6228070259094238.
[INFO 2023-05-10 18:35:34,980]-> Trial 15 finished with value: 0.6052631735801697 and parameters: {'k': 3, 'hidden_dim': 41, 'lr': 0.0058129104083870595, 'weight_decay': 0.00720469767764521}. Best is trial 4 with value: 0.6228070259094238.
[INFO 2023-05-10 18:35:51,832]-> Trial 16 finished with value: 0.6052631735801697 and parameters: {'k': 16, 'hidden_dim': 4, 'lr': 0.00780464756955976, 'weight_decay': 0.00867655328768579}. Best is trial 4 with value: 0.6228070259094238.
[INFO 2023-05-10 18:35:58,593]-> Trial 17 pruned. 
[INFO 2023-05-10 18:36:26,429]-> Trial 18 finished with value: 0.5877193212509155 and parameters: {'k': 72, 'hidden_dim': 44, 'lr': 0.005398095475179094, 'weight_decay': 0.009816848252405258}. Best is trial 4 with value: 0.6228070259094238.
[INFO 2023-05-10 18:36:43,241]-> Trial 19 finished with value: 0.6140350699424744 and parameters: {'k': 15, 'hidden_dim': 38, 'lr': 0.006811958727742481, 'weight_decay': 0.006803807047312342}. Best is trial 4 with value: 0.6228070259094238.
[INFO 2023-05-10 18:37:04,859]-> Trial 20 finished with value: 0.6228070259094238 and parameters: {'k': 37, 'hidden_dim': 25, 'lr': 0.005008250171810978, 'weight_decay': 0.007926776642965377}. Best is trial 4 with value: 0.6228070259094238.
[INFO 2023-05-10 18:37:26,573]-> Trial 21 finished with value: 0.6140350699424744 and parameters: {'k': 36, 'hidden_dim': 25, 'lr': 0.0049698131968090135, 'weight_decay': 0.008010507230930155}. Best is trial 4 with value: 0.6228070259094238.
[INFO 2023-05-10 18:37:48,991]-> Trial 22 finished with value: 0.6140350699424744 and parameters: {'k': 39, 'hidden_dim': 27, 'lr': 0.0043037225009338945, 'weight_decay': 0.008965293200183112}. Best is trial 4 with value: 0.6228070259094238.
[INFO 2023-05-10 18:38:06,637]-> Trial 23 finished with value: 0.6140350699424744 and parameters: {'k': 22, 'hidden_dim': 10, 'lr': 0.005204018027222689, 'weight_decay': 0.009096568250254941}. Best is trial 4 with value: 0.6228070259094238.
[INFO 2023-05-10 18:38:13,705]-> Trial 24 pruned. 
[INFO 2023-05-10 18:38:20,237]-> Trial 25 pruned. 
[INFO 2023-05-10 18:38:27,426]-> Trial 26 pruned. 
[INFO 2023-05-10 18:38:46,820]-> Trial 27 finished with value: 0.6140350699424744 and parameters: {'k': 32, 'hidden_dim': 22, 'lr': 0.0067310228000987985, 'weight_decay': 0.007305423934311114}. Best is trial 4 with value: 0.6228070259094238.
[INFO 2023-05-10 18:38:53,470]-> Trial 28 pruned. 
[INFO 2023-05-10 18:39:17,254]-> Trial 29 finished with value: 0.6140350699424744 and parameters: {'k': 48, 'hidden_dim': 39, 'lr': 0.006072447590977906, 'weight_decay': 0.005986965994369269}. Best is trial 4 with value: 0.6228070259094238.
[INFO 2023-05-10 18:39:24,239]-> Trial 30 pruned. 
[INFO 2023-05-10 18:39:43,151]-> Trial 31 finished with value: 0.6140350699424744 and parameters: {'k': 29, 'hidden_dim': 50, 'lr': 0.008837358589463194, 'weight_decay': 0.008452177513648266}. Best is trial 4 with value: 0.6228070259094238.
[INFO 2023-05-10 18:39:59,463]-> Trial 32 finished with value: 0.6140350699424744 and parameters: {'k': 9, 'hidden_dim': 48, 'lr': 0.009923159444275189, 'weight_decay': 0.009161449023478273}. Best is trial 4 with value: 0.6228070259094238.
[INFO 2023-05-10 18:40:16,514]-> Trial 33 finished with value: 0.6228070259094238 and parameters: {'k': 19, 'hidden_dim': 45, 'lr': 0.007619943043892319, 'weight_decay': 0.008279335828148075}. Best is trial 4 with value: 0.6228070259094238.
[INFO 2023-05-10 18:40:23,234]-> Trial 34 pruned. 
[INFO 2023-05-10 18:40:29,732]-> Trial 35 pruned. 
[INFO 2023-05-10 18:40:47,009]-> Trial 36 finished with value: 0.6052631735801697 and parameters: {'k': 20, 'hidden_dim': 42, 'lr': 0.006653390927210772, 'weight_decay': 0.007517850618881486}. Best is trial 4 with value: 0.6228070259094238.
[INFO 2023-05-10 18:40:53,876]-> Trial 37 pruned. 
[INFO 2023-05-10 18:40:54,106]-> Best trial:
[INFO 2023-05-10 18:40:54,107]-> 	Value: 0.623
[INFO 2023-05-10 18:40:54,107]-> 	Params:
[INFO 2023-05-10 18:40:54,107]-> 		k |-> 4
[INFO 2023-05-10 18:40:54,107]-> 		hidden_dim |-> 42
[INFO 2023-05-10 18:40:54,107]-> 		lr |-> 0.0078037518344035205
[INFO 2023-05-10 18:40:54,108]-> 		weight_decay |-> 0.00871312026764351
[INFO 2023-05-10 18:40:54,201]-> Final test results:
[INFO 2023-05-10 18:40:54,202]-> 	accuracy |-> 0.623
[INFO 2023-05-10 18:40:54,202]-> 	f1_score |-> 0.424
[INFO 2023-05-10 18:40:54,202]-> 	f1_score -> average@micro |-> 0.623
