[INFO 2023-05-04 19:06:19,662]-> Logs will be saved to /home/adriendutfoy/Desktop/Dev/MultiGraph/examples/logs/2023-05-04--19-06-19/log.txt
[INFO 2023-05-04 19:06:19,663]-> Files in training will be saved in /home/adriendutfoy/Desktop/Dev/MultiGraph/examples/logs/2023-05-04--19-06-19
[INFO 2023-05-04 19:06:19,663]-> Random seed is 0
[INFO 2023-05-04 19:06:19,664]-> A new study created in memory with name: no-name-77aa2b88-80f8-41f7-8133-a80087a71efd
[INFO 2023-05-04 19:06:31,808]-> Trial 0 finished with value: 0.6459330320358276 and parameters: {'k_ECG': 56, 'k_EMO': 72, 'hidden_dim': 13, 'lr': 0.001229607110732572, 'weight_decay': 0.0007035737028722148}. Best is trial 0 with value: 0.6459330320358276.
[INFO 2023-05-04 19:06:42,959]-> Trial 1 finished with value: 0.6363636255264282 and parameters: {'k_ECG': 65, 'k_EMO': 45, 'hidden_dim': 18, 'lr': 0.008459126528049376, 'weight_decay': 0.0005846326121643416}. Best is trial 0 with value: 0.6459330320358276.
[INFO 2023-05-04 19:06:54,235]-> Trial 2 finished with value: 0.6459330320358276 and parameters: {'k_ECG': 80, 'k_EMO': 54, 'hidden_dim': 12, 'lr': 0.007098936257405904, 'weight_decay': 0.00013869861245357332}. Best is trial 0 with value: 0.6459330320358276.
[INFO 2023-05-04 19:07:04,779]-> Trial 3 finished with value: 0.5885167717933655 and parameters: {'k_ECG': 10, 'k_EMO': 4, 'hidden_dim': 17, 'lr': 0.003600091192911611, 'weight_decay': 0.005495716186411619}. Best is trial 0 with value: 0.6459330320358276.
[INFO 2023-05-04 19:07:16,649]-> Trial 4 finished with value: 0.6555023789405823 and parameters: {'k_ECG': 98, 'k_EMO': 81, 'hidden_dim': 10, 'lr': 0.0036396393567863887, 'weight_decay': 0.00017240460099242303}. Best is trial 4 with value: 0.6555023789405823.
[INFO 2023-05-04 19:07:27,996]-> Trial 5 finished with value: 0.6507176756858826 and parameters: {'k_ECG': 65, 'k_EMO': 16, 'hidden_dim': 19, 'lr': 0.001105851072569646, 'weight_decay': 0.0006750312521595928}. Best is trial 4 with value: 0.6555023789405823.
[INFO 2023-05-04 19:07:29,668]-> Trial 6 pruned. 
[INFO 2023-05-04 19:07:41,198]-> Trial 7 finished with value: 0.6459330320358276 and parameters: {'k_ECG': 63, 'k_EMO': 62, 'hidden_dim': 13, 'lr': 0.007717846862118065, 'weight_decay': 0.0023101522250182378}. Best is trial 4 with value: 0.6555023789405823.
[INFO 2023-05-04 19:07:52,314]-> Trial 8 finished with value: 0.6363636255264282 and parameters: {'k_ECG': 37, 'k_EMO': 45, 'hidden_dim': 15, 'lr': 0.00013196262418422217, 'weight_decay': 0.0021554275565447527}. Best is trial 4 with value: 0.6555023789405823.
[INFO 2023-05-04 19:08:03,810]-> Trial 9 finished with value: 0.6363636255264282 and parameters: {'k_ECG': 68, 'k_EMO': 22, 'hidden_dim': 4, 'lr': 0.0004274218324036844, 'weight_decay': 0.0005338528208876639}. Best is trial 4 with value: 0.6555023789405823.
[INFO 2023-05-04 19:08:05,601]-> Trial 10 pruned. 
[INFO 2023-05-04 19:08:07,327]-> Trial 11 pruned. 
[INFO 2023-05-04 19:08:19,434]-> Trial 12 finished with value: 0.6411483287811279 and parameters: {'k_ECG': 84, 'k_EMO': 98, 'hidden_dim': 8, 'lr': 0.0022303741366452284, 'weight_decay': 0.00028456112501921803}. Best is trial 4 with value: 0.6555023789405823.
[INFO 2023-05-04 19:08:21,058]-> Trial 13 pruned. 
[INFO 2023-05-04 19:08:22,718]-> Trial 14 pruned. 
[INFO 2023-05-04 19:08:34,459]-> Trial 15 finished with value: 0.6459330320358276 and parameters: {'k_ECG': 76, 'k_EMO': 84, 'hidden_dim': 6, 'lr': 0.0014557797406041593, 'weight_decay': 0.00039298381565807387}. Best is trial 4 with value: 0.6555023789405823.
[INFO 2023-05-04 19:08:36,107]-> Trial 16 pruned. 
[INFO 2023-05-04 19:08:46,881]-> Trial 17 finished with value: 0.6650717854499817 and parameters: {'k_ECG': 22, 'k_EMO': 14, 'hidden_dim': 20, 'lr': 0.002103274283303954, 'weight_decay': 0.00018498943971369405}. Best is trial 17 with value: 0.6650717854499817.
[INFO 2023-05-04 19:08:48,471]-> Trial 18 pruned. 
[INFO 2023-05-04 19:08:59,880]-> Trial 19 finished with value: 0.660287082195282 and parameters: {'k_ECG': 29, 'k_EMO': 87, 'hidden_dim': 11, 'lr': 0.004582908257715364, 'weight_decay': 0.00018200349429556276}. Best is trial 17 with value: 0.6650717854499817.
[INFO 2023-05-04 19:09:11,256]-> Trial 20 finished with value: 0.6363636255264282 and parameters: {'k_ECG': 20, 'k_EMO': 90, 'hidden_dim': 5, 'lr': 0.005144285563006906, 'weight_decay': 0.0003100341425412393}. Best is trial 17 with value: 0.6650717854499817.
[INFO 2023-05-04 19:09:22,341]-> Trial 21 finished with value: 0.6459330320358276 and parameters: {'k_ECG': 22, 'k_EMO': 70, 'hidden_dim': 11, 'lr': 0.0021442885664694064, 'weight_decay': 0.00016654352532424472}. Best is trial 17 with value: 0.6650717854499817.
[INFO 2023-05-04 19:09:33,743]-> Trial 22 finished with value: 0.6555023789405823 and parameters: {'k_ECG': 27, 'k_EMO': 88, 'hidden_dim': 10, 'lr': 0.005123783885782171, 'weight_decay': 0.00019717871679327244}. Best is trial 17 with value: 0.6650717854499817.
[INFO 2023-05-04 19:09:44,829]-> Trial 23 finished with value: 0.6363636255264282 and parameters: {'k_ECG': 12, 'k_EMO': 79, 'hidden_dim': 14, 'lr': 0.003644472917242192, 'weight_decay': 0.000161852807718854}. Best is trial 17 with value: 0.6650717854499817.
[INFO 2023-05-04 19:09:46,514]-> Trial 24 pruned. 
[INFO 2023-05-04 19:09:48,224]-> Trial 25 pruned. 
[INFO 2023-05-04 19:09:49,902]-> Trial 26 pruned. 
[INFO 2023-05-04 19:10:00,910]-> Trial 27 finished with value: 0.6555023789405823 and parameters: {'k_ECG': 14, 'k_EMO': 53, 'hidden_dim': 10, 'lr': 0.0017963806442570715, 'weight_decay': 0.00014349859302558547}. Best is trial 17 with value: 0.6650717854499817.
[INFO 2023-05-04 19:10:11,757]-> Trial 28 finished with value: 0.6363636255264282 and parameters: {'k_ECG': 45, 'k_EMO': 11, 'hidden_dim': 8, 'lr': 0.001808530510113743, 'weight_decay': 0.00021426147709999475}. Best is trial 17 with value: 0.6650717854499817.
[INFO 2023-05-04 19:10:22,406]-> Trial 29 finished with value: 0.660287082195282 and parameters: {'k_ECG': 2, 'k_EMO': 37, 'hidden_dim': 14, 'lr': 0.004844556242894455, 'weight_decay': 0.000428755946406723}. Best is trial 17 with value: 0.6650717854499817.
[INFO 2023-05-04 19:10:23,981]-> Trial 30 pruned. 
[INFO 2023-05-04 19:10:34,782]-> Trial 31 finished with value: 0.6459330320358276 and parameters: {'k_ECG': 17, 'k_EMO': 42, 'hidden_dim': 13, 'lr': 0.004321155782464946, 'weight_decay': 0.0002455774270518222}. Best is trial 17 with value: 0.6650717854499817.
[INFO 2023-05-04 19:10:36,393]-> Trial 32 pruned. 
[INFO 2023-05-04 19:10:38,030]-> Trial 33 pruned. 
[INFO 2023-05-04 19:10:39,683]-> Trial 34 pruned. 
[INFO 2023-05-04 19:10:50,947]-> Trial 35 finished with value: 0.6411483287811279 and parameters: {'k_ECG': 59, 'k_EMO': 23, 'hidden_dim': 12, 'lr': 0.004002032473642543, 'weight_decay': 0.0001383145698817412}. Best is trial 17 with value: 0.6650717854499817.
[INFO 2023-05-04 19:11:02,088]-> Trial 36 finished with value: 0.6363636255264282 and parameters: {'k_ECG': 12, 'k_EMO': 85, 'hidden_dim': 18, 'lr': 0.005325778849888894, 'weight_decay': 0.0001983708474831881}. Best is trial 17 with value: 0.6650717854499817.
[INFO 2023-05-04 19:11:12,738]-> Trial 37 finished with value: 0.6411483287811279 and parameters: {'k_ECG': 9, 'k_EMO': 50, 'hidden_dim': 11, 'lr': 0.009926588924609141, 'weight_decay': 0.0007710371242776524}. Best is trial 17 with value: 0.6650717854499817.
[INFO 2023-05-04 19:11:14,417]-> Trial 38 pruned. 
[INFO 2023-05-04 19:11:16,006]-> Trial 39 pruned. 
[INFO 2023-05-04 19:11:17,721]-> Trial 40 pruned. 
[INFO 2023-05-04 19:11:28,968]-> Trial 41 finished with value: 0.6411483287811279 and parameters: {'k_ECG': 18, 'k_EMO': 86, 'hidden_dim': 10, 'lr': 0.005582462199415991, 'weight_decay': 0.00020455326054371934}. Best is trial 17 with value: 0.6650717854499817.
[INFO 2023-05-04 19:11:30,629]-> Trial 42 pruned. 
[INFO 2023-05-04 19:11:32,301]-> Trial 43 pruned. 
[INFO 2023-05-04 19:11:33,990]-> Trial 44 pruned. 
[INFO 2023-05-04 19:11:45,391]-> Trial 45 finished with value: 0.6507176756858826 and parameters: {'k_ECG': 48, 'k_EMO': 67, 'hidden_dim': 7, 'lr': 0.003333377348982244, 'weight_decay': 0.00023252307992243463}. Best is trial 17 with value: 0.6650717854499817.
[INFO 2023-05-04 19:11:47,091]-> Trial 46 pruned. 
[INFO 2023-05-04 19:11:48,685]-> Trial 47 pruned. 
[INFO 2023-05-04 19:11:50,325]-> Trial 48 pruned. 
[INFO 2023-05-04 19:11:51,980]-> Trial 49 pruned. 
[INFO 2023-05-04 19:11:53,729]-> Trial 50 pruned. 
[INFO 2023-05-04 19:11:55,346]-> Trial 51 pruned. 
[INFO 2023-05-04 19:12:06,091]-> Trial 52 finished with value: 0.660287082195282 and parameters: {'k_ECG': 8, 'k_EMO': 58, 'hidden_dim': 9, 'lr': 0.0017926253124923909, 'weight_decay': 0.00026690013135921987}. Best is trial 17 with value: 0.6650717854499817.
[INFO 2023-05-04 19:12:17,132]-> Trial 53 finished with value: 0.6363636255264282 and parameters: {'k_ECG': 8, 'k_EMO': 88, 'hidden_dim': 8, 'lr': 0.002253990589176973, 'weight_decay': 0.0003388708668229273}. Best is trial 17 with value: 0.6650717854499817.
[INFO 2023-05-04 19:12:28,251]-> Trial 54 finished with value: 0.6459330320358276 and parameters: {'k_ECG': 25, 'k_EMO': 57, 'hidden_dim': 6, 'lr': 0.001257815799103551, 'weight_decay': 0.000267250781494876}. Best is trial 17 with value: 0.6650717854499817.
[INFO 2023-05-04 19:12:39,522]-> Trial 55 finished with value: 0.6650717854499817 and parameters: {'k_ECG': 22, 'k_EMO': 74, 'hidden_dim': 9, 'lr': 0.002798656467495705, 'weight_decay': 0.0001877500929723761}. Best is trial 17 with value: 0.6650717854499817.
[INFO 2023-05-04 19:12:50,463]-> Trial 56 finished with value: 0.6555023789405823 and parameters: {'k_ECG': 2, 'k_EMO': 73, 'hidden_dim': 9, 'lr': 0.002591326770018842, 'weight_decay': 0.00025398618688179036}. Best is trial 17 with value: 0.6650717854499817.
[INFO 2023-05-04 19:13:01,812]-> Trial 57 finished with value: 0.6363636255264282 and parameters: {'k_ECG': 19, 'k_EMO': 80, 'hidden_dim': 11, 'lr': 0.001078776829689605, 'weight_decay': 0.00018272748849223238}. Best is trial 17 with value: 0.6650717854499817.
[INFO 2023-05-04 19:13:03,433]-> Trial 58 pruned. 
[INFO 2023-05-04 19:13:14,745]-> Trial 59 finished with value: 0.6363636255264282 and parameters: {'k_ECG': 22, 'k_EMO': 70, 'hidden_dim': 11, 'lr': 0.0015415275018478883, 'weight_decay': 0.00010279359453157952}. Best is trial 17 with value: 0.6650717854499817.
[INFO 2023-05-04 19:13:26,447]-> Trial 60 finished with value: 0.6411483287811279 and parameters: {'k_ECG': 77, 'k_EMO': 75, 'hidden_dim': 9, 'lr': 0.001997069611238279, 'weight_decay': 0.0002174180496608855}. Best is trial 17 with value: 0.6650717854499817.
[INFO 2023-05-04 19:13:28,157]-> Trial 61 pruned. 
[INFO 2023-05-04 19:13:39,515]-> Trial 62 finished with value: 0.6459330320358276 and parameters: {'k_ECG': 33, 'k_EMO': 78, 'hidden_dim': 10, 'lr': 0.004767732206361987, 'weight_decay': 0.0001567758458834948}. Best is trial 17 with value: 0.6650717854499817.
[INFO 2023-05-04 19:13:41,222]-> Trial 63 pruned. 
[INFO 2023-05-04 19:13:42,880]-> Trial 64 pruned. 
[INFO 2023-05-04 19:13:53,724]-> Trial 65 finished with value: 0.6411483287811279 and parameters: {'k_ECG': 20, 'k_EMO': 32, 'hidden_dim': 9, 'lr': 0.005089383130876899, 'weight_decay': 0.0002623834055694056}. Best is trial 17 with value: 0.6650717854499817.
[INFO 2023-05-04 19:14:04,886]-> Trial 66 finished with value: 0.6555023789405823 and parameters: {'k_ECG': 24, 'k_EMO': 47, 'hidden_dim': 10, 'lr': 0.0025042753928111593, 'weight_decay': 0.00012201986615927677}. Best is trial 17 with value: 0.6650717854499817.
[INFO 2023-05-04 19:14:06,651]-> Trial 67 pruned. 
[INFO 2023-05-04 19:14:08,256]-> Trial 68 pruned. 
[INFO 2023-05-04 19:14:09,940]-> Trial 69 pruned. 
[INFO 2023-05-04 19:14:20,815]-> Trial 70 finished with value: 0.6363636255264282 and parameters: {'k_ECG': 15, 'k_EMO': 44, 'hidden_dim': 5, 'lr': 0.0036682719399031304, 'weight_decay': 0.00028556509491766986}. Best is trial 17 with value: 0.6650717854499817.
[INFO 2023-05-04 19:14:22,429]-> Trial 71 pruned. 
[INFO 2023-05-04 19:14:33,435]-> Trial 72 finished with value: 0.6411483287811279 and parameters: {'k_ECG': 14, 'k_EMO': 57, 'hidden_dim': 11, 'lr': 0.0013182056033469768, 'weight_decay': 0.00014701423381161425}. Best is trial 17 with value: 0.6650717854499817.
[INFO 2023-05-04 19:14:44,608]-> Trial 73 finished with value: 0.6363636255264282 and parameters: {'k_ECG': 19, 'k_EMO': 54, 'hidden_dim': 8, 'lr': 0.001463771661278155, 'weight_decay': 0.00011504534335544132}. Best is trial 17 with value: 0.6650717854499817.
[INFO 2023-05-04 19:14:46,219]-> Trial 74 pruned. 
[INFO 2023-05-04 19:14:47,925]-> Trial 75 pruned. 
[INFO 2023-05-04 19:14:49,615]-> Trial 76 pruned. 
[INFO 2023-05-04 19:14:51,237]-> Trial 77 pruned. 
[INFO 2023-05-04 19:15:02,353]-> Trial 78 finished with value: 0.6650717854499817 and parameters: {'k_ECG': 27, 'k_EMO': 52, 'hidden_dim': 12, 'lr': 0.005720203186007314, 'weight_decay': 0.0001511710187763457}. Best is trial 17 with value: 0.6650717854499817.
[INFO 2023-05-04 19:15:04,092]-> Trial 79 pruned. 
[INFO 2023-05-04 19:15:05,730]-> Trial 80 pruned. 
[INFO 2023-05-04 19:15:07,393]-> Trial 81 pruned. 
[INFO 2023-05-04 19:15:09,055]-> Trial 82 pruned. 
[INFO 2023-05-04 19:15:20,610]-> Trial 83 finished with value: 0.6459330320358276 and parameters: {'k_ECG': 71, 'k_EMO': 51, 'hidden_dim': 17, 'lr': 0.0036646990055795923, 'weight_decay': 0.00011574370748290693}. Best is trial 17 with value: 0.6650717854499817.
[INFO 2023-05-04 19:15:22,382]-> Trial 84 pruned. 
[INFO 2023-05-04 19:15:33,511]-> Trial 85 finished with value: 0.6507176756858826 and parameters: {'k_ECG': 5, 'k_EMO': 76, 'hidden_dim': 11, 'lr': 0.004745297613031712, 'weight_decay': 0.00022022808197606883}. Best is trial 17 with value: 0.6650717854499817.
[INFO 2023-05-04 19:15:44,992]-> Trial 86 finished with value: 0.6507176756858826 and parameters: {'k_ECG': 20, 'k_EMO': 96, 'hidden_dim': 20, 'lr': 0.005958441833981926, 'weight_decay': 0.0001746833507096599}. Best is trial 17 with value: 0.6650717854499817.
[INFO 2023-05-04 19:15:46,582]-> Trial 87 pruned. 
[INFO 2023-05-04 19:15:58,175]-> Trial 88 finished with value: 0.6746411323547363 and parameters: {'k_ECG': 85, 'k_EMO': 43, 'hidden_dim': 11, 'lr': 0.0026484233717115353, 'weight_decay': 0.00014742828620655684}. Best is trial 88 with value: 0.6746411323547363.
[INFO 2023-05-04 19:15:59,896]-> Trial 89 pruned. 
[INFO 2023-05-04 19:16:01,622]-> Trial 90 pruned. 
[INFO 2023-05-04 19:16:03,338]-> Trial 91 pruned. 
[INFO 2023-05-04 19:16:14,250]-> Trial 92 finished with value: 0.6363636255264282 and parameters: {'k_ECG': 13, 'k_EMO': 42, 'hidden_dim': 10, 'lr': 0.004576004971434247, 'weight_decay': 0.0001703404012757778}. Best is trial 88 with value: 0.6746411323547363.
[INFO 2023-05-04 19:16:15,992]-> Trial 93 pruned. 
[INFO 2023-05-04 19:16:27,653]-> Trial 94 finished with value: 0.6459330320358276 and parameters: {'k_ECG': 82, 'k_EMO': 90, 'hidden_dim': 9, 'lr': 0.003600936035356086, 'weight_decay': 0.00026013106562052847}. Best is trial 88 with value: 0.6746411323547363.
[INFO 2023-05-04 19:16:28,008]-> Best trial:
[INFO 2023-05-04 19:16:28,009]-> 	Value: 0.675
[INFO 2023-05-04 19:16:28,009]-> 	Params:
[INFO 2023-05-04 19:16:28,009]-> 		k_ECG |-> 85
[INFO 2023-05-04 19:16:28,010]-> 		k_EMO |-> 43
[INFO 2023-05-04 19:16:28,010]-> 		hidden_dim |-> 11
[INFO 2023-05-04 19:16:28,010]-> 		lr |-> 0.0026484233717115353
[INFO 2023-05-04 19:16:28,010]-> 		weight_decay |-> 0.00014742828620655684
[INFO 2023-05-04 19:16:28,267]-> Final test results:
[INFO 2023-05-04 19:16:28,267]-> 	accuracy |-> 0.622
[INFO 2023-05-04 19:16:28,267]-> 	f1_score |-> 0.454
[INFO 2023-05-04 19:16:28,268]-> 	f1_score -> average@micro |-> 0.622
