[INFO 2023-05-04 17:49:28,490]-> Logs will be saved to /home/adriendutfoy/Desktop/Dev/MultiGraph/examples/logs/2023-05-04--17-49-28/log.txt
[INFO 2023-05-04 17:49:28,490]-> Files in training will be saved in /home/adriendutfoy/Desktop/Dev/MultiGraph/examples/logs/2023-05-04--17-49-28
[INFO 2023-05-04 17:49:28,491]-> Random seed is 0
[INFO 2023-05-04 17:49:28,491]-> A new study created in memory with name: no-name-501c7d21-019e-46f8-8c92-5b020ba7acf3
[INFO 2023-05-04 17:49:39,891]-> Trial 0 finished with value: 0.6363636255264282 and parameters: {'k_ECG': 56, 'hidden_dim': 15, 'lr': 0.0016051911333587634, 'weight_decay': 0.001229607110732572}. Best is trial 0 with value: 0.6363636255264282.
[INFO 2023-05-04 17:49:50,348]-> Trial 1 finished with value: 0.6507176756858826 and parameters: {'k_ECG': 43, 'hidden_dim': 14, 'lr': 0.0007501954443620128, 'weight_decay': 0.006074996073425695}. Best is trial 1 with value: 0.6507176756858826.
[INFO 2023-05-04 17:50:01,393]-> Trial 2 finished with value: 0.6363636255264282 and parameters: {'k_ECG': 97, 'hidden_dim': 9, 'lr': 0.0038322168504927897, 'weight_decay': 0.0011423254155608373}. Best is trial 1 with value: 0.6507176756858826.
[INFO 2023-05-04 17:50:11,621]-> Trial 3 finished with value: 0.6746411323547363 and parameters: {'k_ECG': 58, 'hidden_dim': 19, 'lr': 0.00013869861245357332, 'weight_decay': 0.0001493683554419846}. Best is trial 3 with value: 0.6746411323547363.
[INFO 2023-05-04 17:50:21,053]-> Trial 4 finished with value: 0.660287082195282 and parameters: {'k_ECG': 4, 'hidden_dim': 17, 'lr': 0.003600091192911611, 'weight_decay': 0.005495716186411619}. Best is trial 3 with value: 0.6746411323547363.
[INFO 2023-05-04 17:50:31,808]-> Trial 5 finished with value: 0.6555023789405823 and parameters: {'k_ECG': 98, 'hidden_dim': 17, 'lr': 0.0008374496868436813, 'weight_decay': 0.0036396393567863887}. Best is trial 3 with value: 0.6746411323547363.
[INFO 2023-05-04 17:50:41,723]-> Trial 6 finished with value: 0.6363636255264282 and parameters: {'k_ECG': 13, 'hidden_dim': 14, 'lr': 0.00019351140885595286, 'weight_decay': 0.007750644796341917}. Best is trial 3 with value: 0.6746411323547363.
[INFO 2023-05-04 17:50:43,045]-> Trial 7 pruned. 
[INFO 2023-05-04 17:50:53,350]-> Trial 8 finished with value: 0.6363636255264282 and parameters: {'k_ECG': 47, 'hidden_dim': 12, 'lr': 0.00010903843281968532, 'weight_decay': 0.0017189806743319388}. Best is trial 3 with value: 0.6746411323547363.
[INFO 2023-05-04 17:51:03,841]-> Trial 9 finished with value: 0.6459330320358276 and parameters: {'k_ECG': 62, 'hidden_dim': 13, 'lr': 0.007717846862118065, 'weight_decay': 0.0023101522250182378}. Best is trial 3 with value: 0.6746411323547363.
[INFO 2023-05-04 17:51:14,602]-> Trial 10 finished with value: 0.6363636255264282 and parameters: {'k_ECG': 77, 'hidden_dim': 4, 'lr': 0.00011003672840517117, 'weight_decay': 0.00010967097042542117}. Best is trial 3 with value: 0.6746411323547363.
[INFO 2023-05-04 17:51:24,573]-> Trial 11 finished with value: 0.6363636255264282 and parameters: {'k_ECG': 4, 'hidden_dim': 20, 'lr': 0.00041380615159307757, 'weight_decay': 0.00035935218726246726}. Best is trial 3 with value: 0.6746411323547363.
[INFO 2023-05-04 17:51:34,888]-> Trial 12 finished with value: 0.6459330320358276 and parameters: {'k_ECG': 29, 'hidden_dim': 20, 'lr': 0.0019373162632899928, 'weight_decay': 0.00042443481425688355}. Best is trial 3 with value: 0.6746411323547363.
[INFO 2023-05-04 17:51:35,764]-> Trial 13 pruned. 
[INFO 2023-05-04 17:51:46,551]-> Trial 14 finished with value: 0.6507176756858826 and parameters: {'k_ECG': 74, 'hidden_dim': 18, 'lr': 0.0004796122663570304, 'weight_decay': 0.0006040178394009835}. Best is trial 3 with value: 0.6746411323547363.
[INFO 2023-05-04 17:51:47,428]-> Trial 15 pruned. 
[INFO 2023-05-04 17:51:58,008]-> Trial 16 finished with value: 0.6698564887046814 and parameters: {'k_ECG': 70, 'hidden_dim': 6, 'lr': 0.009186843078841976, 'weight_decay': 0.0002558714045782989}. Best is trial 3 with value: 0.6746411323547363.
[INFO 2023-05-04 17:52:08,800]-> Trial 17 finished with value: 0.6459330320358276 and parameters: {'k_ECG': 73, 'hidden_dim': 5, 'lr': 0.00837248326772002, 'weight_decay': 0.00016702148285803207}. Best is trial 3 with value: 0.6746411323547363.
[INFO 2023-05-04 17:52:19,700]-> Trial 18 finished with value: 0.6459330320358276 and parameters: {'k_ECG': 88, 'hidden_dim': 5, 'lr': 0.0011594236230536479, 'weight_decay': 0.00021124535444505687}. Best is trial 3 with value: 0.6746411323547363.
[INFO 2023-05-04 17:52:30,374]-> Trial 19 finished with value: 0.6363636255264282 and parameters: {'k_ECG': 64, 'hidden_dim': 2, 'lr': 0.0006079266225734126, 'weight_decay': 0.00024037725724331812}. Best is trial 3 with value: 0.6746411323547363.
[INFO 2023-05-04 17:52:41,298]-> Trial 20 finished with value: 0.6363636255264282 and parameters: {'k_ECG': 83, 'hidden_dim': 7, 'lr': 0.0011536805042998313, 'weight_decay': 0.0006847964848159146}. Best is trial 3 with value: 0.6746411323547363.
[INFO 2023-05-04 17:52:51,690]-> Trial 21 finished with value: 0.6698564887046814 and parameters: {'k_ECG': 41, 'hidden_dim': 18, 'lr': 0.005081085896807528, 'weight_decay': 0.0007100641681955715}. Best is trial 3 with value: 0.6746411323547363.
[INFO 2023-05-04 17:52:52,519]-> Trial 22 pruned. 
[INFO 2023-05-04 17:52:53,382]-> Trial 23 pruned. 
[INFO 2023-05-04 17:53:03,804]-> Trial 24 finished with value: 0.6363636255264282 and parameters: {'k_ECG': 39, 'hidden_dim': 8, 'lr': 0.005608058605931444, 'weight_decay': 0.00021507946341318363}. Best is trial 3 with value: 0.6746411323547363.
[INFO 2023-05-04 17:53:14,381]-> Trial 25 finished with value: 0.6555023789405823 and parameters: {'k_ECG': 56, 'hidden_dim': 11, 'lr': 0.005206270698961173, 'weight_decay': 0.00015099382076847858}. Best is trial 3 with value: 0.6746411323547363.
[INFO 2023-05-04 17:53:24,979]-> Trial 26 finished with value: 0.660287082195282 and parameters: {'k_ECG': 70, 'hidden_dim': 19, 'lr': 0.0026621488726581385, 'weight_decay': 0.0002700468371615671}. Best is trial 3 with value: 0.6746411323547363.
[INFO 2023-05-04 17:53:35,022]-> Trial 27 finished with value: 0.6555023789405823 and parameters: {'k_ECG': 18, 'hidden_dim': 2, 'lr': 0.009328071507596567, 'weight_decay': 0.0004385918975800318}. Best is trial 3 with value: 0.6746411323547363.
[INFO 2023-05-04 17:53:45,362]-> Trial 28 finished with value: 0.6507176756858826 and parameters: {'k_ECG': 49, 'hidden_dim': 6, 'lr': 0.005489609919201237, 'weight_decay': 0.00015509000916140306}. Best is trial 3 with value: 0.6746411323547363.
[INFO 2023-05-04 17:53:55,678]-> Trial 29 finished with value: 0.6411483287811279 and parameters: {'k_ECG': 36, 'hidden_dim': 16, 'lr': 0.0016300725380053794, 'weight_decay': 0.0007853888790827686}. Best is trial 3 with value: 0.6746411323547363.
[INFO 2023-05-04 17:54:06,418]-> Trial 30 finished with value: 0.6507176756858826 and parameters: {'k_ECG': 59, 'hidden_dim': 15, 'lr': 0.0023790065999301294, 'weight_decay': 0.000927055630780727}. Best is trial 3 with value: 0.6746411323547363.
[INFO 2023-05-04 17:54:16,443]-> Trial 31 finished with value: 0.6459330320358276 and parameters: {'k_ECG': 6, 'hidden_dim': 18, 'lr': 0.004031590324872248, 'weight_decay': 0.0014408199344773049}. Best is trial 3 with value: 0.6746411323547363.
[INFO 2023-05-04 17:54:27,299]-> Trial 32 finished with value: 0.6459330320358276 and parameters: {'k_ECG': 67, 'hidden_dim': 18, 'lr': 0.004293575963896086, 'weight_decay': 0.0004989391380378004}. Best is trial 3 with value: 0.6746411323547363.
[INFO 2023-05-04 17:54:28,180]-> Trial 33 pruned. 
[INFO 2023-05-04 17:54:28,997]-> Trial 34 pruned. 
[INFO 2023-05-04 17:54:39,618]-> Trial 35 finished with value: 0.6555023789405823 and parameters: {'k_ECG': 46, 'hidden_dim': 13, 'lr': 0.004933148810128027, 'weight_decay': 0.0011774375415413464}. Best is trial 3 with value: 0.6746411323547363.
[INFO 2023-05-04 17:54:50,185]-> Trial 36 finished with value: 0.6459330320358276 and parameters: {'k_ECG': 53, 'hidden_dim': 17, 'lr': 0.00331702971680391, 'weight_decay': 0.0065131113307066914}. Best is trial 3 with value: 0.6746411323547363.
[INFO 2023-05-04 17:54:51,060]-> Trial 37 pruned. 
[INFO 2023-05-04 17:55:02,032]-> Trial 38 finished with value: 0.6363636255264282 and parameters: {'k_ECG': 89, 'hidden_dim': 14, 'lr': 0.0009185052083462369, 'weight_decay': 0.0019192872556240148}. Best is trial 3 with value: 0.6746411323547363.
[INFO 2023-05-04 17:55:12,136]-> Trial 39 finished with value: 0.6363636255264282 and parameters: {'k_ECG': 10, 'hidden_dim': 19, 'lr': 0.001402897350622928, 'weight_decay': 0.0011321485524809457}. Best is trial 3 with value: 0.6746411323547363.
[INFO 2023-05-04 17:55:13,027]-> Trial 40 pruned. 
[INFO 2023-05-04 17:55:13,902]-> Trial 41 pruned. 
[INFO 2023-05-04 17:55:24,638]-> Trial 42 finished with value: 0.6411483287811279 and parameters: {'k_ECG': 67, 'hidden_dim': 18, 'lr': 0.004132273512957896, 'weight_decay': 0.0002540000861942742}. Best is trial 3 with value: 0.6746411323547363.
[INFO 2023-05-04 17:55:35,297]-> Trial 43 finished with value: 0.6363636255264282 and parameters: {'k_ECG': 69, 'hidden_dim': 20, 'lr': 0.0021437693486202444, 'weight_decay': 0.00035985360860460664}. Best is trial 3 with value: 0.6746411323547363.
[INFO 2023-05-04 17:55:36,177]-> Trial 44 pruned. 
[INFO 2023-05-04 17:55:46,926]-> Trial 45 finished with value: 0.6507176756858826 and parameters: {'k_ECG': 77, 'hidden_dim': 19, 'lr': 0.002866475543356474, 'weight_decay': 0.0047075477932288145}. Best is trial 3 with value: 0.6746411323547363.
[INFO 2023-05-04 17:55:57,309]-> Trial 46 finished with value: 0.6363636255264282 and parameters: {'k_ECG': 53, 'hidden_dim': 16, 'lr': 0.0019246900580119275, 'weight_decay': 0.00013470266168419897}. Best is trial 3 with value: 0.6746411323547363.
[INFO 2023-05-04 17:56:07,444]-> Trial 47 finished with value: 0.6363636255264282 and parameters: {'k_ECG': 23, 'hidden_dim': 10, 'lr': 0.006392871093456723, 'weight_decay': 0.00012182423049494578}. Best is trial 3 with value: 0.6746411323547363.
[INFO 2023-05-04 17:56:18,112]-> Trial 48 finished with value: 0.6459330320358276 and parameters: {'k_ECG': 61, 'hidden_dim': 17, 'lr': 0.00847200641482836, 'weight_decay': 0.00018377510232611566}. Best is trial 3 with value: 0.6746411323547363.
[INFO 2023-05-04 17:56:18,882]-> Trial 49 pruned. 
[INFO 2023-05-04 17:56:29,312]-> Trial 50 finished with value: 0.6363636255264282 and parameters: {'k_ECG': 45, 'hidden_dim': 3, 'lr': 0.003799541224435407, 'weight_decay': 0.00010075197203181448}. Best is trial 3 with value: 0.6746411323547363.
[INFO 2023-05-04 17:56:40,138]-> Trial 51 finished with value: 0.6555023789405823 and parameters: {'k_ECG': 99, 'hidden_dim': 18, 'lr': 0.00030677336027318584, 'weight_decay': 0.005140609824901967}. Best is trial 3 with value: 0.6746411323547363.
[INFO 2023-05-04 17:56:50,960]-> Trial 52 finished with value: 0.6459330320358276 and parameters: {'k_ECG': 94, 'hidden_dim': 19, 'lr': 0.0005357577515131427, 'weight_decay': 0.0071819720332470804}. Best is trial 3 with value: 0.6746411323547363.
[INFO 2023-05-04 17:57:01,703]-> Trial 53 finished with value: 0.6555023789405823 and parameters: {'k_ECG': 78, 'hidden_dim': 14, 'lr': 0.00039834541688605013, 'weight_decay': 0.009181332131623546}. Best is trial 3 with value: 0.6746411323547363.
[INFO 2023-05-04 17:57:02,520]-> Trial 54 pruned. 
[INFO 2023-05-04 17:57:13,359]-> Trial 55 finished with value: 0.6411483287811279 and parameters: {'k_ECG': 92, 'hidden_dim': 17, 'lr': 0.004711039938948074, 'weight_decay': 0.0002204289756880973}. Best is trial 3 with value: 0.6746411323547363.
[INFO 2023-05-04 17:57:14,184]-> Trial 56 pruned. 
[INFO 2023-05-04 17:57:15,052]-> Trial 57 pruned. 
[INFO 2023-05-04 17:57:25,658]-> Trial 58 finished with value: 0.6363636255264282 and parameters: {'k_ECG': 42, 'hidden_dim': 20, 'lr': 0.00012901980880634684, 'weight_decay': 0.007787747650174162}. Best is trial 3 with value: 0.6746411323547363.
[INFO 2023-05-04 17:57:26,500]-> Trial 59 pruned. 
[INFO 2023-05-04 17:57:27,307]-> Trial 60 pruned. 
[INFO 2023-05-04 17:57:28,164]-> Trial 61 pruned. 
[INFO 2023-05-04 17:57:38,847]-> Trial 62 finished with value: 0.6507176756858826 and parameters: {'k_ECG': 66, 'hidden_dim': 6, 'lr': 0.00547283372475044, 'weight_decay': 0.00016711829985852674}. Best is trial 3 with value: 0.6746411323547363.
[INFO 2023-05-04 17:57:49,474]-> Trial 63 finished with value: 0.6411483287811279 and parameters: {'k_ECG': 62, 'hidden_dim': 13, 'lr': 0.004560818881151235, 'weight_decay': 0.00015345000141820238}. Best is trial 3 with value: 0.6746411323547363.
[INFO 2023-05-04 17:57:50,313]-> Trial 64 pruned. 
[INFO 2023-05-04 17:58:00,719]-> Trial 65 finished with value: 0.6363636255264282 and parameters: {'k_ECG': 55, 'hidden_dim': 8, 'lr': 0.00020411644225531511, 'weight_decay': 0.00012881061950061387}. Best is trial 3 with value: 0.6746411323547363.
[INFO 2023-05-04 17:58:11,368]-> Trial 66 finished with value: 0.6363636255264282 and parameters: {'k_ECG': 71, 'hidden_dim': 16, 'lr': 0.006201956268131636, 'weight_decay': 0.00011618409544014393}. Best is trial 3 with value: 0.6746411323547363.
[INFO 2023-05-04 17:58:12,158]-> Trial 67 pruned. 
[INFO 2023-05-04 17:58:23,013]-> Trial 68 finished with value: 0.6411483287811279 and parameters: {'k_ECG': 83, 'hidden_dim': 5, 'lr': 0.002968514983140639, 'weight_decay': 0.0002990061468676499}. Best is trial 3 with value: 0.6746411323547363.
[INFO 2023-05-04 17:58:23,836]-> Trial 69 pruned. 
[INFO 2023-05-04 17:58:24,703]-> Trial 70 pruned. 
[INFO 2023-05-04 17:58:25,506]-> Trial 71 pruned. 
[INFO 2023-05-04 17:58:35,788]-> Trial 72 finished with value: 0.6363636255264282 and parameters: {'k_ECG': 18, 'hidden_dim': 2, 'lr': 0.006713033584326029, 'weight_decay': 0.00025492666787315066}. Best is trial 3 with value: 0.6746411323547363.
[INFO 2023-05-04 17:58:45,886]-> Trial 73 finished with value: 0.6363636255264282 and parameters: {'k_ECG': 5, 'hidden_dim': 4, 'lr': 0.008634382428763514, 'weight_decay': 0.0003512933771321261}. Best is trial 3 with value: 0.6746411323547363.
[INFO 2023-05-04 17:58:46,723]-> Trial 74 pruned. 
[INFO 2023-05-04 17:58:56,831]-> Trial 75 finished with value: 0.6459330320358276 and parameters: {'k_ECG': 8, 'hidden_dim': 15, 'lr': 0.0032977579111337363, 'weight_decay': 0.00028394906067669053}. Best is trial 3 with value: 0.6746411323547363.
[INFO 2023-05-04 17:58:57,625]-> Trial 76 pruned. 
[INFO 2023-05-04 17:59:08,402]-> Trial 77 finished with value: 0.6363636255264282 and parameters: {'k_ECG': 60, 'hidden_dim': 19, 'lr': 0.0006904041889197299, 'weight_decay': 0.00018817096800403658}. Best is trial 3 with value: 0.6746411323547363.
[INFO 2023-05-04 17:59:18,933]-> Trial 78 finished with value: 0.6459330320358276 and parameters: {'k_ECG': 55, 'hidden_dim': 11, 'lr': 0.0038420050684841293, 'weight_decay': 0.0002205190308920465}. Best is trial 3 with value: 0.6746411323547363.
[INFO 2023-05-04 17:59:29,706]-> Trial 79 finished with value: 0.660287082195282 and parameters: {'k_ECG': 64, 'hidden_dim': 3, 'lr': 0.0014313366550482774, 'weight_decay': 0.00033888963968216074}. Best is trial 3 with value: 0.6746411323547363.
[INFO 2023-05-04 17:59:29,941]-> Best trial:
[INFO 2023-05-04 17:59:29,942]-> 	Value: 0.675
[INFO 2023-05-04 17:59:29,942]-> 	Params:
[INFO 2023-05-04 17:59:29,942]-> 		k_ECG |-> 58
[INFO 2023-05-04 17:59:29,943]-> 		hidden_dim |-> 19
[INFO 2023-05-04 17:59:29,943]-> 		lr |-> 0.00013869861245357332
[INFO 2023-05-04 17:59:29,943]-> 		weight_decay |-> 0.0001493683554419846
[INFO 2023-05-04 17:59:30,193]-> Final test results:
[INFO 2023-05-04 17:59:30,193]-> 	accuracy |-> 0.593
[INFO 2023-05-04 17:59:30,193]-> 	f1_score |-> 0.445
[INFO 2023-05-04 17:59:30,193]-> 	f1_score -> average@micro |-> 0.593
