[INFO 2023-06-11 13:59:14,394]-> Logs will be saved to /home/adriendutfoy/Desktop/Dev/MultiGraph/D:\Dev\THU-HyperG\examples\logs/2023-06-11--13-59-14/log.txt
[INFO 2023-06-11 13:59:14,395]-> Files in training will be saved in /home/adriendutfoy/Desktop/Dev/MultiGraph/D:\Dev\THU-HyperG\examples\logs/2023-06-11--13-59-14
[INFO 2023-06-11 13:59:14,395]-> Random seed is 1686459554
[INFO 2023-06-11 13:59:14,577]-> A new study created in RDB with name: no-name-594a873f-1fc5-438b-8870-c1813eafcbfb
[INFO 2023-06-11 13:59:17,257]-> Trial 0 finished with value: 0.6261980533599854 and parameters: {'k': 88, 'n_layers': 1, 'k_structured': 21, 'k_nearest': 78, 'k_cluster': 37, 'wu_kmeans': 2, 'wu_struct': 10, 'clusters': 433, 'adjacent_centers': 4, 'drop_rate': 0.32909028685208147, 'lr': 0.002128753688317422, 'weight_decay': 0.006461969572426482}. Best is trial 0 with value: 0.6261980533599854.
[INFO 2023-06-11 14:01:02,890]-> Trial 1 finished with value: 0.6230031847953796 and parameters: {'k': 38, 'n_layers': 5, 'k_structured': 5, 'k_nearest': 94, 'k_cluster': 80, 'wu_kmeans': 12, 'wu_struct': 15, 'clusters': 803, 'adjacent_centers': 2, 'drop_rate': 0.11800547714552599, 'lr': 0.003811711267860057, 'weight_decay': 0.008656776547110705}. Best is trial 0 with value: 0.6261980533599854.
[INFO 2023-06-11 14:02:08,801]-> Trial 2 finished with value: 0.6230031847953796 and parameters: {'k': 4, 'n_layers': 4, 'k_structured': 55, 'k_nearest': 63, 'k_cluster': 73, 'wu_kmeans': 15, 'wu_struct': 0, 'clusters': 593, 'adjacent_centers': 3, 'drop_rate': 0.31916497674743305, 'lr': 0.004733403722739158, 'weight_decay': 0.0013233896173590006}. Best is trial 0 with value: 0.6261980533599854.
[INFO 2023-06-11 14:04:23,912]-> Trial 3 finished with value: 0.6230031847953796 and parameters: {'k': 10, 'n_layers': 4, 'k_structured': 57, 'k_nearest': 77, 'k_cluster': 54, 'wu_kmeans': 0, 'wu_struct': 6, 'clusters': 432, 'adjacent_centers': 2, 'drop_rate': 0.3843543915581716, 'lr': 0.0011801029426851501, 'weight_decay': 0.005203443656733276}. Best is trial 0 with value: 0.6261980533599854.
[INFO 2023-06-11 14:06:04,469]-> Trial 4 finished with value: 0.6230031847953796 and parameters: {'k': 82, 'n_layers': 4, 'k_structured': 87, 'k_nearest': 33, 'k_cluster': 32, 'wu_kmeans': 0, 'wu_struct': 0, 'clusters': 333, 'adjacent_centers': 1, 'drop_rate': 0.7479240863651685, 'lr': 0.001558003598922476, 'weight_decay': 0.0005804824746362364}. Best is trial 0 with value: 0.6261980533599854.
[INFO 2023-06-11 14:06:04,778]-> Trial 5 pruned. 
[INFO 2023-06-11 14:06:05,142]-> Trial 6 pruned. 
[INFO 2023-06-11 14:06:05,452]-> Trial 7 pruned. 
[INFO 2023-06-11 14:06:05,811]-> Trial 8 pruned. 
[INFO 2023-06-11 14:06:06,060]-> Trial 9 pruned. 
[INFO 2023-06-11 14:06:33,473]-> Trial 10 finished with value: 0.6230031847953796 and parameters: {'k': 66, 'n_layers': 2, 'k_structured': 15, 'k_nearest': 93, 'k_cluster': 15, 'wu_kmeans': 9, 'wu_struct': 12, 'clusters': 993, 'adjacent_centers': 5, 'drop_rate': 0.018049304152349732, 'lr': 0.0027992917854654247, 'weight_decay': 0.008038844217140519}. Best is trial 0 with value: 0.6261980533599854.
[INFO 2023-06-11 14:07:31,701]-> Trial 11 finished with value: 0.6230031847953796 and parameters: {'k': 54, 'n_layers': 3, 'k_structured': 4, 'k_nearest': 98, 'k_cluster': 99, 'wu_kmeans': 10, 'wu_struct': 14, 'clusters': 717, 'adjacent_centers': 4, 'drop_rate': 0.12009366905236317, 'lr': 0.0036891899612707573, 'weight_decay': 0.00785245665061665}. Best is trial 0 with value: 0.6261980533599854.
[INFO 2023-06-11 14:07:32,500]-> Trial 12 pruned. 
[INFO 2023-06-11 14:08:03,793]-> Trial 13 finished with value: 0.6230031847953796 and parameters: {'k': 71, 'n_layers': 3, 'k_structured': 31, 'k_nearest': 70, 'k_cluster': 31, 'wu_kmeans': 7, 'wu_struct': 12, 'clusters': 533, 'adjacent_centers': 2, 'drop_rate': 0.006763375522092552, 'lr': 0.0030200632955085832, 'weight_decay': 0.006796394050555958}. Best is trial 0 with value: 0.6261980533599854.
[INFO 2023-06-11 14:08:04,162]-> Trial 14 pruned. 
[INFO 2023-06-11 14:08:04,528]-> Trial 15 pruned. 
[INFO 2023-06-11 14:08:05,392]-> Trial 16 pruned. 
[INFO 2023-06-11 14:08:05,996]-> Trial 17 pruned. 
[INFO 2023-06-11 14:09:08,571]-> Trial 18 finished with value: 0.6230031847953796 and parameters: {'k': 44, 'n_layers': 4, 'k_structured': 14, 'k_nearest': 83, 'k_cluster': 63, 'wu_kmeans': 3, 'wu_struct': 8, 'clusters': 808, 'adjacent_centers': 3, 'drop_rate': 0.29709135989173785, 'lr': 0.001937478028017634, 'weight_decay': 0.004252943368176753}. Best is trial 0 with value: 0.6261980533599854.
[INFO 2023-06-11 14:09:09,049]-> Trial 19 pruned. 
[INFO 2023-06-11 14:10:41,284]-> Trial 20 finished with value: 0.6230031847953796 and parameters: {'k': 27, 'n_layers': 5, 'k_structured': 40, 'k_nearest': 88, 'k_cluster': 67, 'wu_kmeans': 12, 'wu_struct': 13, 'clusters': 271, 'adjacent_centers': 3, 'drop_rate': 0.10102169941969177, 'lr': 0.0022749546295514063, 'weight_decay': 0.008878366853417164}. Best is trial 0 with value: 0.6261980533599854.
[INFO 2023-06-11 14:10:41,706]-> Best trial:
[INFO 2023-06-11 14:10:41,716]-> 	Value: 0.626
[INFO 2023-06-11 14:10:41,716]-> 	Params:
[INFO 2023-06-11 14:10:41,716]-> 		adjacent_centers |-> 4
[INFO 2023-06-11 14:10:41,716]-> 		clusters |-> 433
[INFO 2023-06-11 14:10:41,716]-> 		drop_rate |-> 0.32909028685208147
[INFO 2023-06-11 14:10:41,717]-> 		k |-> 88
[INFO 2023-06-11 14:10:41,717]-> 		k_cluster |-> 37
[INFO 2023-06-11 14:10:41,717]-> 		k_nearest |-> 78
[INFO 2023-06-11 14:10:41,717]-> 		k_structured |-> 21
[INFO 2023-06-11 14:10:41,717]-> 		lr |-> 0.002128753688317422
[INFO 2023-06-11 14:10:41,717]-> 		n_layers |-> 1
[INFO 2023-06-11 14:10:41,717]-> 		weight_decay |-> 0.006461969572426482
[INFO 2023-06-11 14:10:41,717]-> 		wu_kmeans |-> 2
[INFO 2023-06-11 14:10:41,718]-> 		wu_struct |-> 10
[INFO 2023-06-11 14:10:41,750]-> Final test results:
[INFO 2023-06-11 14:10:41,750]-> 	accuracy |-> 0.597
[INFO 2023-06-11 14:10:41,751]-> 	f1_score |-> 0.426
