[INFO 2023-05-10 19:15:43,709]-> Logs will be saved to /home/adriendutfoy/Desktop/Dev/MultiGraph/examples/logs/2023-05-10--19-15-43/log.txt
[INFO 2023-05-10 19:15:43,709]-> Files in training will be saved in /home/adriendutfoy/Desktop/Dev/MultiGraph/examples/logs/2023-05-10--19-15-43
[INFO 2023-05-10 19:15:43,709]-> Random seed is 1683713743
[INFO 2023-05-10 19:15:43,710]-> A new study created in memory with name: no-name-fcb58fb5-88ca-4e4f-b9e5-2a2759869cb6
[INFO 2023-05-10 19:16:02,716]-> Trial 0 finished with value: 0.6842105388641357 and parameters: {'k': 24, 'hidden_dim': 9, 'lr': 0.005297548230047977, 'weight_decay': 0.0018844866094434288}. Best is trial 0 with value: 0.6842105388641357.
[INFO 2023-05-10 19:16:27,229]-> Trial 1 finished with value: 0.6666666865348816 and parameters: {'k': 53, 'hidden_dim': 49, 'lr': 0.0024662770511530404, 'weight_decay': 0.0014556063035258342}. Best is trial 0 with value: 0.6842105388641357.
[INFO 2023-05-10 19:16:55,978]-> Trial 2 finished with value: 0.6491228342056274 and parameters: {'k': 78, 'hidden_dim': 50, 'lr': 0.009534458323777174, 'weight_decay': 0.0027849459328143996}. Best is trial 0 with value: 0.6842105388641357.
[INFO 2023-05-10 19:17:20,209]-> Trial 3 finished with value: 0.6754385828971863 and parameters: {'k': 57, 'hidden_dim': 8, 'lr': 0.009230312622427272, 'weight_decay': 0.0006760136944196306}. Best is trial 0 with value: 0.6842105388641357.
[INFO 2023-05-10 19:17:48,440]-> Trial 4 finished with value: 0.6578947305679321 and parameters: {'k': 77, 'hidden_dim': 40, 'lr': 0.0017115590374156904, 'weight_decay': 0.00678107431749467}. Best is trial 0 with value: 0.6842105388641357.
[INFO 2023-05-10 19:17:55,315]-> Trial 5 pruned. 
[INFO 2023-05-10 19:18:02,097]-> Trial 6 pruned. 
[INFO 2023-05-10 19:18:09,184]-> Trial 7 pruned. 
[INFO 2023-05-10 19:18:15,974]-> Trial 8 pruned. 
[INFO 2023-05-10 19:18:24,598]-> Trial 9 pruned. 
[INFO 2023-05-10 19:18:31,168]-> Trial 10 pruned. 
[INFO 2023-05-10 19:18:38,200]-> Trial 11 pruned. 
[INFO 2023-05-10 19:18:50,335]-> Trial 12 pruned. 
[INFO 2023-05-10 19:19:01,477]-> Trial 13 pruned. 
[INFO 2023-05-10 19:19:11,762]-> Trial 14 pruned. 
[INFO 2023-05-10 19:19:19,015]-> Trial 15 pruned. 
[INFO 2023-05-10 19:19:29,119]-> Trial 16 pruned. 
[INFO 2023-05-10 19:19:38,053]-> Trial 17 pruned. 
[INFO 2023-05-10 19:19:45,557]-> Trial 18 pruned. 
[INFO 2023-05-10 19:20:11,807]-> Trial 19 finished with value: 0.6754385828971863 and parameters: {'k': 67, 'hidden_dim': 9, 'lr': 0.00602461515797632, 'weight_decay': 0.0010528110254247557}. Best is trial 0 with value: 0.6842105388641357.
[INFO 2023-05-10 19:20:18,725]-> Trial 20 pruned. 
[INFO 2023-05-10 19:20:29,073]-> Trial 21 pruned. 
[INFO 2023-05-10 19:20:40,664]-> Trial 22 pruned. 
[INFO 2023-05-10 19:20:51,333]-> Trial 23 pruned. 
[INFO 2023-05-10 19:20:58,474]-> Trial 24 pruned. 
[INFO 2023-05-10 19:21:09,635]-> Trial 25 pruned. 
[INFO 2023-05-10 19:21:16,791]-> Trial 26 pruned. 
[INFO 2023-05-10 19:21:23,818]-> Trial 27 pruned. 
[INFO 2023-05-10 19:21:33,283]-> Trial 28 pruned. 
[INFO 2023-05-10 19:21:43,321]-> Trial 29 pruned. 
[INFO 2023-05-10 19:21:49,991]-> Trial 30 pruned. 
[INFO 2023-05-10 19:21:57,106]-> Trial 31 pruned. 
[INFO 2023-05-10 19:22:07,887]-> Trial 32 pruned. 
[INFO 2023-05-10 19:22:14,921]-> Trial 33 pruned. 
[INFO 2023-05-10 19:22:22,192]-> Trial 34 pruned. 
[INFO 2023-05-10 19:22:47,382]-> Trial 35 finished with value: 0.6842105388641357 and parameters: {'k': 57, 'hidden_dim': 45, 'lr': 0.004195842554669599, 'weight_decay': 0.0016626090940100831}. Best is trial 0 with value: 0.6842105388641357.
[INFO 2023-05-10 19:22:54,598]-> Trial 36 pruned. 
[INFO 2023-05-10 19:23:05,048]-> Trial 37 pruned. 
[INFO 2023-05-10 19:23:16,008]-> Trial 38 pruned. 
[INFO 2023-05-10 19:23:37,353]-> Trial 39 finished with value: 0.6754385828971863 and parameters: {'k': 35, 'hidden_dim': 30, 'lr': 0.006278155981177244, 'weight_decay': 0.0020414148209824253}. Best is trial 0 with value: 0.6842105388641357.
[INFO 2023-05-10 19:23:46,050]-> Trial 40 pruned. 
[INFO 2023-05-10 19:24:07,481]-> Trial 41 finished with value: 0.6578947305679321 and parameters: {'k': 33, 'hidden_dim': 43, 'lr': 0.0064996471964716244, 'weight_decay': 0.0019783896685510467}. Best is trial 0 with value: 0.6842105388641357.
[INFO 2023-05-10 19:24:14,389]-> Trial 42 pruned. 
[INFO 2023-05-10 19:24:25,430]-> Trial 43 pruned. 
[INFO 2023-05-10 19:24:36,244]-> Trial 44 pruned. 
[INFO 2023-05-10 19:24:43,188]-> Trial 45 pruned. 
[INFO 2023-05-10 19:25:07,707]-> Trial 46 finished with value: 0.6666666865348816 and parameters: {'k': 56, 'hidden_dim': 15, 'lr': 0.004978707493029597, 'weight_decay': 0.0004783961805306443}. Best is trial 0 with value: 0.6842105388641357.
[INFO 2023-05-10 19:25:24,654]-> Trial 47 finished with value: 0.6842105388641357 and parameters: {'k': 14, 'hidden_dim': 4, 'lr': 0.0071555572224648555, 'weight_decay': 0.0011197724124847653}. Best is trial 0 with value: 0.6842105388641357.
[INFO 2023-05-10 19:25:34,029]-> Trial 48 pruned. 
[INFO 2023-05-10 19:25:51,283]-> Trial 49 finished with value: 0.6666666865348816 and parameters: {'k': 15, 'hidden_dim': 9, 'lr': 0.007374207914091692, 'weight_decay': 0.0011944059436672936}. Best is trial 0 with value: 0.6842105388641357.
[INFO 2023-05-10 19:25:51,832]-> Best trial:
[INFO 2023-05-10 19:25:51,833]-> 	Value: 0.684
[INFO 2023-05-10 19:25:51,833]-> 	Params:
[INFO 2023-05-10 19:25:51,834]-> 		k |-> 24
[INFO 2023-05-10 19:25:51,834]-> 		hidden_dim |-> 9
[INFO 2023-05-10 19:25:51,834]-> 		lr |-> 0.005297548230047977
[INFO 2023-05-10 19:25:51,834]-> 		weight_decay |-> 0.0018844866094434288
[INFO 2023-05-10 19:25:51,977]-> Final test results:
[INFO 2023-05-10 19:25:51,978]-> 	accuracy |-> 0.614
[INFO 2023-05-10 19:25:51,978]-> 	f1_score |-> 0.380
[INFO 2023-05-10 19:25:51,978]-> 	f1_score -> average@micro |-> 0.614
