[INFO 2023-05-10 18:13:55,509]-> Logs will be saved to /home/adriendutfoy/Desktop/Dev/MultiGraph/examples/logs/2023-05-10--18-13-55/log.txt
[INFO 2023-05-10 18:13:55,510]-> Files in training will be saved in /home/adriendutfoy/Desktop/Dev/MultiGraph/examples/logs/2023-05-10--18-13-55
[INFO 2023-05-10 18:13:55,510]-> Random seed is 0
[INFO 2023-05-10 18:13:55,511]-> A new study created in memory with name: no-name-5c294fe9-35ed-4ebf-80dd-65f0d1dd5222
[INFO 2023-05-10 18:14:21,563]-> Trial 0 finished with value: 0.6052631735801697 and parameters: {"k_['ECG']": 56, "k_['EEG']": 72, "k_['EMO']": 61, "k_['GSR']": 55, "k_['ECG', 'EEG']": 43, "k_['ECG', 'EMO']": 65, "k_['ECG', 'GSR']": 45, "k_['EEG', 'EMO']": 90, "k_['EEG', 'GSR']": 97, "k_['EMO', 'GSR']": 39, "k_['ECG', 'EEG', 'EMO']": 80, "k_['ECG', 'EEG', 'GSR']": 54, "k_['ECG', 'EMO', 'GSR']": 58, "k_['EEG', 'EMO', 'GSR']": 93, "k_['ECG', 'EEG', 'EMO', 'GSR']": 9, 'hidden_dim': 3, 'lr': 0.00030016213465922467, 'weight_decay': 0.008342936470924586}. Best is trial 0 with value: 0.6052631735801697.
[INFO 2023-05-10 18:14:46,429]-> Trial 1 finished with value: 0.6052631735801697 and parameters: {"k_['ECG']": 79, "k_['EEG']": 88, "k_['EMO']": 98, "k_['GSR']": 81, "k_['ECG', 'EEG']": 47, "k_['ECG', 'EMO']": 79, "k_['ECG', 'GSR']": 13, "k_['EEG', 'EMO']": 65, "k_['EEG', 'GSR']": 16, "k_['EMO', 'GSR']": 95, "k_['ECG', 'EEG', 'EMO']": 53, "k_['ECG', 'EEG', 'GSR']": 43, "k_['ECG', 'EMO', 'GSR']": 28, "k_['EEG', 'EMO', 'GSR']": 78, "k_['ECG', 'EEG', 'EMO', 'GSR']": 47, 'hidden_dim': 12, 'lr': 0.0002860190243199159, 'weight_decay': 0.006214591421051184}. Best is trial 0 with value: 0.6052631735801697.
[INFO 2023-05-10 18:15:10,222]-> Trial 2 finished with value: 0.6140350699424744 and parameters: {"k_['ECG']": 62, "k_['EEG']": 63, "k_['EMO']": 95, "k_['GSR']": 69, "k_['ECG', 'EEG']": 37, "k_['ECG', 'EMO']": 45, "k_['ECG', 'GSR']": 71, "k_['EEG', 'EMO']": 7, "k_['EEG', 'GSR']": 68, "k_['EMO', 'GSR']": 68, "k_['ECG', 'EEG', 'EMO']": 22, "k_['ECG', 'EEG', 'GSR']": 14, "k_['ECG', 'EMO', 'GSR']": 33, "k_['EEG', 'EMO', 'GSR']": 38, "k_['ECG', 'EEG', 'EMO', 'GSR']": 58, 'hidden_dim': 10, 'lr': 0.00988490099678634, 'weight_decay': 0.001110243626405478}. Best is trial 2 with value: 0.6140350699424744.
[INFO 2023-05-10 18:15:32,123]-> Trial 3 finished with value: 0.6052631735801697 and parameters: {"k_['ECG']": 22, "k_['EEG']": 17, "k_['EMO']": 66, "k_['GSR']": 27, "k_['ECG', 'EEG']": 48, "k_['ECG', 'EMO']": 26, "k_['ECG', 'GSR']": 17, "k_['EEG', 'EMO']": 12, "k_['EEG', 'GSR']": 66, "k_['EMO', 'GSR']": 15, "k_['ECG', 'EEG', 'EMO']": 21, "k_['ECG', 'EEG', 'GSR']": 38, "k_['ECG', 'EMO', 'GSR']": 83, "k_['EEG', 'EMO', 'GSR']": 11, "k_['ECG', 'EEG', 'EMO', 'GSR']": 84, 'hidden_dim': 3, 'lr': 0.009766948703632618, 'weight_decay': 0.004739646896312246}. Best is trial 2 with value: 0.6140350699424744.
[INFO 2023-05-10 18:15:54,371]-> Trial 4 finished with value: 0.5877193212509155 and parameters: {"k_['ECG']": 98, "k_['EEG']": 61, "k_['EMO']": 75, "k_['GSR']": 5, "k_['ECG', 'EEG']": 29, "k_['ECG', 'EMO']": 13, "k_['ECG', 'GSR']": 31, "k_['EEG', 'EMO']": 13, "k_['EEG', 'GSR']": 33, "k_['EMO', 'GSR']": 43, "k_['ECG', 'EEG', 'EMO']": 8, "k_['ECG', 'EEG', 'GSR']": 70, "k_['ECG', 'EMO', 'GSR']": 58, "k_['EEG', 'EMO', 'GSR']": 28, "k_['ECG', 'EEG', 'EMO', 'GSR']": 53, 'hidden_dim': 3, 'lr': 0.005801870306006176, 'weight_decay': 0.009300032356004519}. Best is trial 2 with value: 0.6140350699424744.
[INFO 2023-05-10 18:16:01,463]-> Trial 5 pruned. 
[WARNING 2023-05-10 18:16:17,121]-> Trial 6 failed with parameters: {"k_['ECG']": 24, "k_['EEG']": 96, "k_['EMO']": 46, "k_['GSR']": 85, "k_['ECG', 'EEG']": 71, "k_['ECG', 'EMO']": 31, "k_['ECG', 'GSR']": 82, "k_['EEG', 'EMO']": 41, "k_['EEG', 'GSR']": 89, "k_['EMO', 'GSR']": 59, "k_['ECG', 'EEG', 'EMO']": 89, "k_['ECG', 'EEG', 'GSR']": 70, "k_['ECG', 'EMO', 'GSR']": 73, "k_['EEG', 'EMO', 'GSR']": 51, "k_['ECG', 'EEG', 'EMO', 'GSR']": 96, 'hidden_dim': 14, 'lr': 0.0042961649807259795, 'weight_decay': 0.006103292819866452} because of the following error: KeyboardInterrupt().
Traceback (most recent call last):
  File "/home/adriendutfoy/.local/lib/python3.9/site-packages/optuna/study/_optimize.py", line 200, in _run_trial
    value_or_values = func(trial)
  File "/home/adriendutfoy/Desktop/Dev/MultiGraph/examples/dhg/experiments/hypergraphs/hypergraph.py", line 71, in experiment
    return super().experiment(trial)
  File "/home/adriendutfoy/Desktop/Dev/MultiGraph/examples/dhg/experiments/vertex_classification.py", line 83, in experiment
    return super().experiment(trial)
  File "/home/adriendutfoy/Desktop/Dev/MultiGraph/examples/dhg/experiments/base.py", line 102, in experiment
    self.train(self.data, model, optimizer, criterion)
  File "/home/adriendutfoy/Desktop/Dev/MultiGraph/examples/dhg/experiments/hypergraphs/hypergraph.py", line 98, in train
    return super().train(data, model, optimizer, criterion)
  File "/home/adriendutfoy/Desktop/Dev/MultiGraph/examples/dhg/experiments/vertex_classification.py", line 115, in train
    loss = criterion(outputs[train_mask], labels[train_mask],)
KeyboardInterrupt
[WARNING 2023-05-10 18:16:17,122]-> Trial 6 failed with value None.
