[INFO 2023-05-10 18:18:33,677]-> Logs will be saved to /home/adriendutfoy/Desktop/Dev/MultiGraph/examples/logs/2023-05-10--18-18-33/log.txt
[INFO 2023-05-10 18:18:33,677]-> Files in training will be saved in /home/adriendutfoy/Desktop/Dev/MultiGraph/examples/logs/2023-05-10--18-18-33
[INFO 2023-05-10 18:18:33,677]-> Random seed is 0
[INFO 2023-05-10 18:18:33,678]-> A new study created in memory with name: no-name-f1c39f78-917a-4777-962c-fed70e47cad9
[INFO 2023-05-10 18:18:58,498]-> Trial 0 finished with value: 0.5964912176132202 and parameters: {'k': 56, 'hidden_dim': 15, 'lr': 0.006067357423109275, 'weight_decay': 0.0054943435116692795}. Best is trial 0 with value: 0.5964912176132202.
[INFO 2023-05-10 18:19:20,683]-> Trial 1 finished with value: 0.6140350699424744 and parameters: {'k': 43, 'hidden_dim': 14, 'lr': 0.004432113391500656, 'weight_decay': 0.00892855270774259}. Best is trial 1 with value: 0.6140350699424744.
[INFO 2023-05-10 18:19:51,751]-> Trial 2 finished with value: 0.5964912176132202 and parameters: {'k': 97, 'hidden_dim': 9, 'lr': 0.00793807787701838, 'weight_decay': 0.005336059705553755}. Best is trial 1 with value: 0.6140350699424744.
[INFO 2023-05-10 18:20:16,100]-> Trial 3 finished with value: 0.6052631735801697 and parameters: {'k': 58, 'hidden_dim': 19, 'lr': 0.0008032569761590808, 'weight_decay': 0.0009625800670452531}. Best is trial 1 with value: 0.6140350699424744.
[INFO 2023-05-10 18:20:31,663]-> Trial 4 finished with value: 0.6052631735801697 and parameters: {'k': 4, 'hidden_dim': 17, 'lr': 0.0078037518344035205, 'weight_decay': 0.00871312026764351}. Best is trial 1 with value: 0.6140350699424744.
[INFO 2023-05-10 18:20:39,074]-> Trial 5 pruned. 
[INFO 2023-05-10 18:20:55,494]-> Trial 6 finished with value: 0.6052631735801697 and parameters: {'k': 13, 'hidden_dim': 14, 'lr': 0.0015191975453495595, 'weight_decay': 0.00945222227879088}. Best is trial 1 with value: 0.6140350699424744.
[INFO 2023-05-10 18:21:19,104]-> Trial 7 finished with value: 0.6052631735801697 and parameters: {'k': 53, 'hidden_dim': 9, 'lr': 0.002719100559835807, 'weight_decay': 0.007764913525398746}. Best is trial 1 with value: 0.6140350699424744.
[INFO 2023-05-10 18:21:26,253]-> Trial 8 pruned. 
[INFO 2023-05-10 18:21:33,326]-> Trial 9 pruned. 
[INFO 2023-05-10 18:21:40,117]-> Trial 10 pruned. 
[INFO 2023-05-10 18:21:47,429]-> Trial 11 pruned. 
[INFO 2023-05-10 18:21:54,357]-> Trial 12 pruned. 
[INFO 2023-05-10 18:22:21,165]-> Trial 13 finished with value: 0.6052631735801697 and parameters: {'k': 71, 'hidden_dim': 18, 'lr': 0.005549756647312773, 'weight_decay': 0.00020394588916995}. Best is trial 1 with value: 0.6140350699424744.
[INFO 2023-05-10 18:22:28,051]-> Trial 14 pruned. 
[INFO 2023-05-10 18:22:55,848]-> Trial 15 finished with value: 0.5964912176132202 and parameters: {'k': 79, 'hidden_dim': 10, 'lr': 0.003912484427433971, 'weight_decay': 0.004069887275621439}. Best is trial 1 with value: 0.6140350699424744.
[INFO 2023-05-10 18:23:02,838]-> Trial 16 pruned. 
[INFO 2023-05-10 18:23:28,825]-> Trial 17 finished with value: 0.5964912176132202 and parameters: {'k': 66, 'hidden_dim': 16, 'lr': 0.0029915805316135455, 'weight_decay': 0.009875450512525563}. Best is trial 1 with value: 0.6140350699424744.
[INFO 2023-05-10 18:23:35,891]-> Trial 18 pruned. 
[INFO 2023-05-10 18:24:03,951]-> Trial 19 finished with value: 0.5964912176132202 and parameters: {'k': 84, 'hidden_dim': 15, 'lr': 0.0059061663011948816, 'weight_decay': 0.004795895574307312}. Best is trial 1 with value: 0.6140350699424744.
[INFO 2023-05-10 18:24:10,666]-> Trial 20 pruned. 
[INFO 2023-05-10 18:24:26,175]-> Trial 21 finished with value: 0.6228070259094238 and parameters: {'k': 2, 'hidden_dim': 17, 'lr': 0.006927719494938761, 'weight_decay': 0.008110281844819434}. Best is trial 21 with value: 0.6228070259094238.
[INFO 2023-05-10 18:24:32,697]-> Trial 22 pruned. 
[INFO 2023-05-10 18:24:39,373]-> Trial 23 pruned. 
[INFO 2023-05-10 18:24:46,423]-> Trial 24 pruned. 
[INFO 2023-05-10 18:25:14,805]-> Trial 25 finished with value: 0.5964912176132202 and parameters: {'k': 86, 'hidden_dim': 14, 'lr': 0.0044781866130392655, 'weight_decay': 0.006338953701158145}. Best is trial 21 with value: 0.6228070259094238.
[INFO 2023-05-10 18:25:33,378]-> Trial 26 finished with value: 0.6140350699424744 and parameters: {'k': 30, 'hidden_dim': 19, 'lr': 0.0023113564710149047, 'weight_decay': 0.0098951447357625}. Best is trial 21 with value: 0.6228070259094238.
[INFO 2023-05-10 18:25:40,282]-> Trial 27 pruned. 
[INFO 2023-05-10 18:25:46,923]-> Trial 28 pruned. 
[INFO 2023-05-10 18:26:06,683]-> Trial 29 finished with value: 0.6140350699424744 and parameters: {'k': 37, 'hidden_dim': 15, 'lr': 0.0052319635191112705, 'weight_decay': 0.009788822565208341}. Best is trial 21 with value: 0.6228070259094238.
[INFO 2023-05-10 18:26:24,155]-> Trial 30 finished with value: 0.6052631735801697 and parameters: {'k': 24, 'hidden_dim': 13, 'lr': 0.006457987365198841, 'weight_decay': 0.009966580488950477}. Best is trial 21 with value: 0.6228070259094238.
[INFO 2023-05-10 18:26:46,427]-> Trial 31 finished with value: 0.6228070259094238 and parameters: {'k': 41, 'hidden_dim': 16, 'lr': 0.005227753612972937, 'weight_decay': 0.009189826619738346}. Best is trial 21 with value: 0.6228070259094238.
[INFO 2023-05-10 18:26:53,368]-> Trial 32 pruned. 
[INFO 2023-05-10 18:27:15,421]-> Trial 33 finished with value: 0.6052631735801697 and parameters: {'k': 41, 'hidden_dim': 16, 'lr': 0.004149618810400684, 'weight_decay': 0.008187724198638474}. Best is trial 21 with value: 0.6228070259094238.
[INFO 2023-05-10 18:27:39,013]-> Trial 34 finished with value: 0.6052631735801697 and parameters: {'k': 50, 'hidden_dim': 19, 'lr': 0.006691423314792155, 'weight_decay': 0.008993357779673855}. Best is trial 21 with value: 0.6228070259094238.
[INFO 2023-05-10 18:27:45,717]-> Trial 35 pruned. 
[INFO 2023-05-10 18:28:04,716]-> Trial 36 finished with value: 0.6140350699424744 and parameters: {'k': 33, 'hidden_dim': 14, 'lr': 0.007513040728209095, 'weight_decay': 0.00925996105905056}. Best is trial 21 with value: 0.6228070259094238.
[INFO 2023-05-10 18:28:20,769]-> Trial 37 finished with value: 0.5964912176132202 and parameters: {'k': 9, 'hidden_dim': 11, 'lr': 0.004816878642193872, 'weight_decay': 0.008504702241284107}. Best is trial 21 with value: 0.6228070259094238.
[INFO 2023-05-10 18:28:36,153]-> Trial 38 finished with value: 0.6228070259094238 and parameters: {'k': 2, 'hidden_dim': 19, 'lr': 0.005486117364740261, 'weight_decay': 0.007421662389779802}. Best is trial 21 with value: 0.6228070259094238.
[INFO 2023-05-10 18:28:36,339]-> Best trial:
[INFO 2023-05-10 18:28:36,340]-> 	Value: 0.623
[INFO 2023-05-10 18:28:36,340]-> 	Params:
[INFO 2023-05-10 18:28:36,341]-> 		k |-> 2
[INFO 2023-05-10 18:28:36,341]-> 		hidden_dim |-> 17
[INFO 2023-05-10 18:28:36,341]-> 		lr |-> 0.006927719494938761
[INFO 2023-05-10 18:28:36,341]-> 		weight_decay |-> 0.008110281844819434
[INFO 2023-05-10 18:28:36,425]-> Final test results:
[INFO 2023-05-10 18:28:36,425]-> 	accuracy |-> 0.684
[INFO 2023-05-10 18:28:36,425]-> 	f1_score |-> 0.454
[INFO 2023-05-10 18:28:36,425]-> 	f1_score -> average@micro |-> 0.684
